---------------------------------------------------------------
[ 2024-07-30T17:47:18+08:00 ] 127.0.0.1 POST www.wzyer-list.net/index/index/public_sessionlife.html
[运行时间：0.428788s] [吞吐率：2.33req/s] [内存消耗：2,991.77kb] [文件加载：56]
[ info ] [ LANG ] D:\MY-workspace\wzyer-list\output\web\thinkphp\lang\zh-cn.php
[ info ] [ ROUTE ] array (
  'type' => 'module',
  'module' => 
  array (
    0 => 'index',
    1 => 'index',
    2 => 'public_sessionlife',
  ),
)
[ info ] [ HEADER ] array (
  'host' => 'www.wzyer-list.net',
  'connection' => 'keep-alive',
  'content-length' => '0',
  'accept' => 'application/json, text/javascript, */*; q=0.01',
  'user-agent' => 'Mozilla/5.0 (Windows NT 10.0; Win64; x64) AppleWebKit/537.36 (KHTML, like Gecko) Chrome/127.0.0.0 Safari/537.36 Edg/127.0.0.0',
  'x-requested-with' => 'XMLHttpRequest',
  'origin' => 'http://www.wzyer-list.net',
  'referer' => 'http://www.wzyer-list.net/',
  'accept-encoding' => 'gzip, deflate',
  'accept-language' => 'en-US,en;q=0.9,zh-CN;q=0.8,zh;q=0.7',
  'cookie' => 'PHPSESSID=bkabr6d2evj1m3ehuh3mriq636',
)
[ info ] [ PARAM ] array (
)
[ info ] [ SESSION ] INIT array (
  'id' => '',
  'var_session_id' => '',
  'prefix' => 'think',
  'type' => '',
  'auto_start' => true,
)
[ info ] [ RUN ] app\index\controller\Index->public_sessionLife[ D:\MY-workspace\wzyer-list\output\web\application\index\controller\Index.php ]
[ info ] [ DB ] INIT mysql
[ info ] [ CACHE ] INIT File
[ info ] [ LOG ] INIT File
[ sql ] [ DB ] CONNECT:[ UseTime:0.000447s ] mysql:host=127.0.0.1;port=3306;dbname=wzyer_list;charset=utf8
[ sql ] [ SQL ] SHOW COLUMNS FROM `setting` [ RunTime:0.025262s ]
[ sql ] [ SQL ] SELECT `key`,`value` FROM `setting` WHERE  (  `key` in('SYSTEM_TITLE','SYSTEM_KEYWORDS','SYSTEM_DESCRIPTION','ADMIN_EMAIL','ORGANIZATION_NAME','ORGANIZATION_LOGO','POWER_BY_TEXT','LOGIN_ONLY_ONE','CAMPAIGN_NOTIFYSTART','CAMPAIGN_NOTIFYEND','CAMPAIGN_MESSAGEFOOTER','DB_BACKUP_PATH','DB_BACKUP_EXPIRATION') ) [ RunTime:0.000274s ]
---------------------------------------------------------------
[ 2024-07-30T17:48:18+08:00 ] 127.0.0.1 POST www.wzyer-list.net/index/index/public_sessionlife.html
[运行时间：0.019668s] [吞吐率：50.84req/s] [内存消耗：2,782.52kb] [文件加载：53]
[ info ] [ LANG ] D:\MY-workspace\wzyer-list\output\web\thinkphp\lang\zh-cn.php
[ info ] [ ROUTE ] array (
  'type' => 'module',
  'module' => 
  array (
    0 => 'index',
    1 => 'index',
    2 => 'public_sessionlife',
  ),
)
[ info ] [ HEADER ] array (
  'host' => 'www.wzyer-list.net',
  'connection' => 'keep-alive',
  'content-length' => '0',
  'accept' => 'application/json, text/javascript, */*; q=0.01',
  'user-agent' => 'Mozilla/5.0 (Windows NT 10.0; Win64; x64) AppleWebKit/537.36 (KHTML, like Gecko) Chrome/127.0.0.0 Safari/537.36 Edg/127.0.0.0',
  'x-requested-with' => 'XMLHttpRequest',
  'origin' => 'http://www.wzyer-list.net',
  'referer' => 'http://www.wzyer-list.net/',
  'accept-encoding' => 'gzip, deflate',
  'accept-language' => 'en-US,en;q=0.9,zh-CN;q=0.8,zh;q=0.7',
  'cookie' => 'PHPSESSID=bkabr6d2evj1m3ehuh3mriq636',
)
[ info ] [ PARAM ] array (
)
[ info ] [ SESSION ] INIT array (
  'id' => '',
  'var_session_id' => '',
  'prefix' => 'think',
  'type' => '',
  'auto_start' => true,
)
[ info ] [ RUN ] app\index\controller\Index->public_sessionLife[ D:\MY-workspace\wzyer-list\output\web\application\index\controller\Index.php ]
[ info ] [ DB ] INIT mysql
[ info ] [ CACHE ] INIT File
[ info ] [ LOG ] INIT File
---------------------------------------------------------------
[ 2024-07-30T17:48:30+08:00 ] 127.0.0.1 POST www.wzyer-list.net/index/index/public_sessionlife.html
[运行时间：0.024410s] [吞吐率：40.97req/s] [内存消耗：2,782.52kb] [文件加载：53]
[ info ] [ LANG ] D:\MY-workspace\wzyer-list\output\web\thinkphp\lang\zh-cn.php
[ info ] [ ROUTE ] array (
  'type' => 'module',
  'module' => 
  array (
    0 => 'index',
    1 => 'index',
    2 => 'public_sessionlife',
  ),
)
[ info ] [ HEADER ] array (
  'host' => 'www.wzyer-list.net',
  'connection' => 'keep-alive',
  'content-length' => '0',
  'accept' => 'application/json, text/javascript, */*; q=0.01',
  'user-agent' => 'Mozilla/5.0 (Windows NT 10.0; Win64; x64) AppleWebKit/537.36 (KHTML, like Gecko) Chrome/127.0.0.0 Safari/537.36 Edg/127.0.0.0',
  'x-requested-with' => 'XMLHttpRequest',
  'origin' => 'http://www.wzyer-list.net',
  'referer' => 'http://www.wzyer-list.net/',
  'accept-encoding' => 'gzip, deflate',
  'accept-language' => 'en-US,en;q=0.9,zh-CN;q=0.8,zh;q=0.7',
  'cookie' => 'PHPSESSID=bkabr6d2evj1m3ehuh3mriq636',
)
[ info ] [ PARAM ] array (
)
[ info ] [ SESSION ] INIT array (
  'id' => '',
  'var_session_id' => '',
  'prefix' => 'think',
  'type' => '',
  'auto_start' => true,
)
[ info ] [ RUN ] app\index\controller\Index->public_sessionLife[ D:\MY-workspace\wzyer-list\output\web\application\index\controller\Index.php ]
[ info ] [ DB ] INIT mysql
[ info ] [ CACHE ] INIT File
[ info ] [ LOG ] INIT File
---------------------------------------------------------------
[ 2024-07-30T17:48:31+08:00 ] 127.0.0.1 GET www.wzyer-list.net/
[运行时间：0.179668s] [吞吐率：5.57req/s] [内存消耗：3,182.27kb] [文件加载：60]
[ info ] [ LANG ] D:\MY-workspace\wzyer-list\output\web\thinkphp\lang\zh-cn.php
[ info ] [ ROUTE ] array (
  'type' => 'module',
  'module' => 
  array (
    0 => '',
    1 => NULL,
    2 => NULL,
  ),
)
[ info ] [ HEADER ] array (
  'host' => 'www.wzyer-list.net',
  'connection' => 'keep-alive',
  'cache-control' => 'max-age=0',
  'upgrade-insecure-requests' => '1',
  'user-agent' => 'Mozilla/5.0 (Windows NT 10.0; Win64; x64) AppleWebKit/537.36 (KHTML, like Gecko) Chrome/127.0.0.0 Safari/537.36 Edg/127.0.0.0',
  'accept' => 'text/html,application/xhtml+xml,application/xml;q=0.9,image/avif,image/webp,image/apng,*/*;q=0.8,application/signed-exchange;v=b3;q=0.7',
  'accept-encoding' => 'gzip, deflate',
  'accept-language' => 'en-US,en;q=0.9,zh-CN;q=0.8,zh;q=0.7',
  'cookie' => 'PHPSESSID=bkabr6d2evj1m3ehuh3mriq636',
)
[ info ] [ PARAM ] array (
)
[ info ] [ SESSION ] INIT array (
  'id' => '',
  'var_session_id' => '',
  'prefix' => 'think',
  'type' => '',
  'auto_start' => true,
)
[ info ] [ RUN ] app\index\controller\Index->index[ D:\MY-workspace\wzyer-list\output\web\application\index\controller\Index.php ]
[ info ] [ DB ] INIT mysql
[ info ] [ VIEW ] D:\MY-workspace\wzyer-list\output\web\public\..\application\index\view\index\index.php [ array (
  0 => 'loginUserType',
  1 => 'loginMobile',
  2 => '_request_url',
  3 => 'urlHrefs',
  4 => 'loginUserInfos',
) ]
[ info ] [ CACHE ] INIT File
[ info ] [ LOG ] INIT File
[ sql ] [ DB ] CONNECT:[ UseTime:0.000438s ] mysql:host=127.0.0.1;port=3306;dbname=wzyer_list;charset=utf8
[ sql ] [ SQL ] SHOW COLUMNS FROM `messages` [ RunTime:0.011723s ]
[ sql ] [ SQL ] SELECT COUNT(*) AS tp_count FROM `messages` WHERE  `admin_id` = 18  AND `is_read` = 0 LIMIT 1 [ RunTime:0.000212s ]
---------------------------------------------------------------
[ 2024-07-30T17:48:31+08:00 ] 127.0.0.1 GET www.wzyer-list.net/index/index/main.html?_=1722332911223
[运行时间：0.032254s] [吞吐率：31.00req/s] [内存消耗：1,907.34kb] [文件加载：44]
[ info ] [ LANG ] D:\MY-workspace\wzyer-list\output\web\thinkphp\lang\zh-cn.php
[ info ] [ ROUTE ] array (
  'type' => 'module',
  'module' => 
  array (
    0 => 'index',
    1 => 'index',
    2 => 'main',
  ),
)
[ info ] [ HEADER ] array (
  'host' => 'www.wzyer-list.net',
  'connection' => 'keep-alive',
  'accept' => 'text/html, */*; q=0.01',
  'user-agent' => 'Mozilla/5.0 (Windows NT 10.0; Win64; x64) AppleWebKit/537.36 (KHTML, like Gecko) Chrome/127.0.0.0 Safari/537.36 Edg/127.0.0.0',
  'x-requested-with' => 'XMLHttpRequest',
  'referer' => 'http://www.wzyer-list.net/',
  'accept-encoding' => 'gzip, deflate',
  'accept-language' => 'en-US,en;q=0.9,zh-CN;q=0.8,zh;q=0.7',
  'cookie' => 'PHPSESSID=bkabr6d2evj1m3ehuh3mriq636',
)
[ info ] [ PARAM ] array (
  '_' => '1722332911223',
)
[ info ] [ SESSION ] INIT array (
  'id' => '',
  'var_session_id' => '',
  'prefix' => 'think',
  'type' => '',
  'auto_start' => true,
)
[ info ] [ RUN ] app\index\controller\Index->main[ D:\MY-workspace\wzyer-list\output\web\application\index\controller\Index.php ]
[ info ] [ VIEW ] D:\MY-workspace\wzyer-list\output\web\public\..\application\index\view\index\main.php [ array (
  0 => 'loginUserType',
  1 => 'loginMobile',
  2 => '_request_url',
  3 => 'urlHrefs',
) ]
[ info ] [ LOG ] INIT File
---------------------------------------------------------------
[ 2024-07-30T17:48:31+08:00 ] 127.0.0.1 POST www.wzyer-list.net/index/index/loadleftmenu.html
[运行时间：0.072983s] [吞吐率：13.70req/s] [内存消耗：2,651.06kb] [文件加载：51]
[ info ] [ LANG ] D:\MY-workspace\wzyer-list\output\web\thinkphp\lang\zh-cn.php
[ info ] [ ROUTE ] array (
  'type' => 'module',
  'module' => 
  array (
    0 => 'index',
    1 => 'index',
    2 => 'loadleftmenu',
  ),
)
[ info ] [ HEADER ] array (
  'host' => 'www.wzyer-list.net',
  'connection' => 'keep-alive',
  'content-length' => '0',
  'accept' => '*/*',
  'user-agent' => 'Mozilla/5.0 (Windows NT 10.0; Win64; x64) AppleWebKit/537.36 (KHTML, like Gecko) Chrome/127.0.0.0 Safari/537.36 Edg/127.0.0.0',
  'x-requested-with' => 'XMLHttpRequest',
  'origin' => 'http://www.wzyer-list.net',
  'referer' => 'http://www.wzyer-list.net/',
  'accept-encoding' => 'gzip, deflate',
  'accept-language' => 'en-US,en;q=0.9,zh-CN;q=0.8,zh;q=0.7',
  'cookie' => 'PHPSESSID=bkabr6d2evj1m3ehuh3mriq636',
)
[ info ] [ PARAM ] array (
)
[ info ] [ SESSION ] INIT array (
  'id' => '',
  'var_session_id' => '',
  'prefix' => 'think',
  'type' => '',
  'auto_start' => true,
)
[ info ] [ RUN ] app\index\controller\Index->loadLeftMenu[ D:\MY-workspace\wzyer-list\output\web\application\index\controller\Index.php ]
[ info ] [ DB ] INIT mysql
[ info ] [ LOG ] INIT File
[ sql ] [ DB ] CONNECT:[ UseTime:0.000707s ] mysql:host=127.0.0.1;port=3306;dbname=wzyer_list;charset=utf8
[ sql ] [ SQL ] SHOW COLUMNS FROM `menu` [ RunTime:0.014006s ]
[ sql ] [ SQL ] SELECT `id`,`pid`,`level`,`name`,`icon_cls`,`c`,`a`,`params`,`order_id` FROM `menu` WHERE  `pid` = 0 ORDER BY `order_id` ASC [ RunTime:0.000340s ]
[ sql ] [ SQL ] SELECT `id`,`pid`,`level`,`name`,`icon_cls`,`c`,`a`,`params`,`order_id` FROM `menu` WHERE  `pid` = 64 ORDER BY `order_id` ASC [ RunTime:0.000208s ]
[ sql ] [ SQL ] SELECT `id`,`pid`,`level`,`name`,`icon_cls`,`c`,`a`,`params`,`order_id` FROM `menu` WHERE  `pid` = 65 ORDER BY `order_id` ASC [ RunTime:0.000226s ]
[ sql ] [ SQL ] SELECT `id`,`pid`,`level`,`name`,`icon_cls`,`c`,`a`,`params`,`order_id` FROM `menu` WHERE  `pid` = 66 ORDER BY `order_id` ASC [ RunTime:0.000195s ]
[ sql ] [ SQL ] SELECT `id`,`pid`,`level`,`name`,`icon_cls`,`c`,`a`,`params`,`order_id` FROM `menu` WHERE  `pid` = 67 ORDER BY `order_id` ASC [ RunTime:0.000187s ]
[ sql ] [ SQL ] SELECT `id`,`pid`,`level`,`name`,`icon_cls`,`c`,`a`,`params`,`order_id` FROM `menu` WHERE  `pid` = 68 ORDER BY `order_id` ASC [ RunTime:0.000145s ]
[ sql ] [ SQL ] SELECT `id`,`pid`,`level`,`name`,`icon_cls`,`c`,`a`,`params`,`order_id` FROM `menu` WHERE  `pid` = 69 ORDER BY `order_id` ASC [ RunTime:0.000140s ]
[ sql ] [ SQL ] SELECT `id`,`pid`,`level`,`name`,`icon_cls`,`c`,`a`,`params`,`order_id` FROM `menu` WHERE  `pid` = 70 ORDER BY `order_id` ASC [ RunTime:0.000176s ]
[ sql ] [ SQL ] SELECT `id`,`pid`,`level`,`name`,`icon_cls`,`c`,`a`,`params`,`order_id` FROM `menu` WHERE  `pid` = 71 ORDER BY `order_id` ASC [ RunTime:0.000148s ]
[ sql ] [ SQL ] SELECT `id`,`pid`,`level`,`name`,`icon_cls`,`c`,`a`,`params`,`order_id` FROM `menu` WHERE  `pid` = 72 ORDER BY `order_id` ASC [ RunTime:0.000168s ]
[ sql ] [ SQL ] SELECT `id`,`pid`,`level`,`name`,`icon_cls`,`c`,`a`,`params`,`order_id` FROM `menu` WHERE  `pid` = 2 ORDER BY `order_id` ASC [ RunTime:0.000169s ]
[ sql ] [ SQL ] SELECT `id`,`pid`,`level`,`name`,`icon_cls`,`c`,`a`,`params`,`order_id` FROM `menu` WHERE  `pid` = 5 ORDER BY `order_id` ASC [ RunTime:0.000152s ]
[ sql ] [ SQL ] SELECT `id`,`pid`,`level`,`name`,`icon_cls`,`c`,`a`,`params`,`order_id` FROM `menu` WHERE  `pid` = 40 ORDER BY `order_id` ASC [ RunTime:0.000134s ]
[ sql ] [ SQL ] SELECT `id`,`pid`,`level`,`name`,`icon_cls`,`c`,`a`,`params`,`order_id` FROM `menu` WHERE  `pid` = 17 ORDER BY `order_id` ASC [ RunTime:0.000149s ]
[ sql ] [ SQL ] SELECT `id`,`pid`,`level`,`name`,`icon_cls`,`c`,`a`,`params`,`order_id` FROM `menu` WHERE  `pid` = 3 ORDER BY `order_id` ASC [ RunTime:0.000153s ]
[ sql ] [ SQL ] SELECT `id`,`pid`,`level`,`name`,`icon_cls`,`c`,`a`,`params`,`order_id` FROM `menu` WHERE  `pid` = 4 ORDER BY `order_id` ASC [ RunTime:0.000166s ]
[ sql ] [ SQL ] SELECT `id`,`pid`,`level`,`name`,`icon_cls`,`c`,`a`,`params`,`order_id` FROM `menu` WHERE  `pid` = 63 ORDER BY `order_id` ASC [ RunTime:0.000271s ]
[ sql ] [ SQL ] SELECT `id`,`pid`,`level`,`name`,`icon_cls`,`c`,`a`,`params`,`order_id` FROM `menu` WHERE  `pid` = 36 ORDER BY `order_id` ASC [ RunTime:0.000171s ]
[ sql ] [ SQL ] SELECT `id`,`pid`,`level`,`name`,`icon_cls`,`c`,`a`,`params`,`order_id` FROM `menu` WHERE  `pid` = 38 ORDER BY `order_id` ASC [ RunTime:0.000147s ]
---------------------------------------------------------------
[ 2024-07-30T17:48:31+08:00 ] 127.0.0.1 GET www.wzyer-list.net/index/dashboard/statistic.html?_=1722332911224
[运行时间：0.092066s] [吞吐率：10.86req/s] [内存消耗：2,739.55kb] [文件加载：55]
[ info ] [ LANG ] D:\MY-workspace\wzyer-list\output\web\thinkphp\lang\zh-cn.php
[ info ] [ ROUTE ] array (
  'type' => 'module',
  'module' => 
  array (
    0 => 'index',
    1 => 'dashboard',
    2 => 'statistic',
  ),
)
[ info ] [ HEADER ] array (
  'host' => 'www.wzyer-list.net',
  'connection' => 'keep-alive',
  'accept' => 'text/html, */*; q=0.01',
  'user-agent' => 'Mozilla/5.0 (Windows NT 10.0; Win64; x64) AppleWebKit/537.36 (KHTML, like Gecko) Chrome/127.0.0.0 Safari/537.36 Edg/127.0.0.0',
  'x-requested-with' => 'XMLHttpRequest',
  'referer' => 'http://www.wzyer-list.net/',
  'accept-encoding' => 'gzip, deflate',
  'accept-language' => 'en-US,en;q=0.9,zh-CN;q=0.8,zh;q=0.7',
  'cookie' => 'PHPSESSID=bkabr6d2evj1m3ehuh3mriq636',
)
[ info ] [ PARAM ] array (
  '_' => '1722332911224',
)
[ info ] [ SESSION ] INIT array (
  'id' => '',
  'var_session_id' => '',
  'prefix' => 'think',
  'type' => '',
  'auto_start' => true,
)
[ info ] [ RUN ] app\index\controller\Dashboard->statistic[ D:\MY-workspace\wzyer-list\output\web\application\index\controller\Dashboard.php ]
[ info ] [ DB ] INIT mysql
[ info ] [ VIEW ] D:\MY-workspace\wzyer-list\output\web\public\..\application\index\view\dashboard\statistic.php [ array (
  0 => 'loginUserType',
  1 => 'loginMobile',
  2 => '_request_url',
  3 => 'bindValues',
) ]
[ info ] [ LOG ] INIT File
[ sql ] [ DB ] CONNECT:[ UseTime:0.000437s ] mysql:host=127.0.0.1;port=3306;dbname=wzyer_list;charset=utf8
[ sql ] [ SQL ] SHOW COLUMNS FROM `subscribers` [ RunTime:0.014475s ]
[ sql ] [ SQL ] SELECT COUNT(*) AS tp_count FROM `subscribers` WHERE  `deleted` = 0 LIMIT 1 [ RunTime:0.000216s ]
[ sql ] [ SQL ] SELECT COUNT(*) AS tp_count FROM `subscribers` WHERE  `deleted` = 0  AND `blacklisted` = 0 LIMIT 1 [ RunTime:0.000089s ]
[ sql ] [ SQL ] SHOW COLUMNS FROM `campaigns` [ RunTime:0.012752s ]
[ sql ] [ SQL ] SELECT COUNT(*) AS tp_count FROM `campaigns` LIMIT 1 [ RunTime:0.000189s ]
[ sql ] [ SQL ] SELECT COUNT(*) AS tp_count FROM `campaigns` WHERE  `status` IN (2,4) LIMIT 1 [ RunTime:0.000122s ]
[ sql ] [ SQL ] SHOW COLUMNS FROM `campaign_subscribers` [ RunTime:0.011963s ]
[ sql ] [ SQL ] SELECT COUNT(*) AS tp_count FROM `campaign_subscribers` WHERE  `status` = 3 LIMIT 1 [ RunTime:0.000215s ]
[ sql ] [ SQL ] SELECT COUNT(*) AS tp_count FROM `campaign_subscribers` WHERE  `status` = 3  AND `entered` >= '2024-06-30 00:00:00' LIMIT 1 [ RunTime:0.000108s ]
[ sql ] [ SQL ] SHOW COLUMNS FROM `event_logs` [ RunTime:0.013145s ]
[ sql ] [ SQL ] SELECT COUNT(*) AS tp_count FROM `event_logs` LIMIT 1 [ RunTime:0.000231s ]
---------------------------------------------------------------
[ 2024-07-30T17:48:31+08:00 ] 127.0.0.1 GET www.wzyer-list.net/index/dashboard/trend.html?_=1722332911225
[运行时间：0.102414s] [吞吐率：9.76req/s] [内存消耗：1,892.08kb] [文件加载：44]
[ info ] [ LANG ] D:\MY-workspace\wzyer-list\output\web\thinkphp\lang\zh-cn.php
[ info ] [ ROUTE ] array (
  'type' => 'module',
  'module' => 
  array (
    0 => 'index',
    1 => 'dashboard',
    2 => 'trend',
  ),
)
[ info ] [ HEADER ] array (
  'host' => 'www.wzyer-list.net',
  'connection' => 'keep-alive',
  'accept' => 'text/html, */*; q=0.01',
  'user-agent' => 'Mozilla/5.0 (Windows NT 10.0; Win64; x64) AppleWebKit/537.36 (KHTML, like Gecko) Chrome/127.0.0.0 Safari/537.36 Edg/127.0.0.0',
  'x-requested-with' => 'XMLHttpRequest',
  'referer' => 'http://www.wzyer-list.net/',
  'accept-encoding' => 'gzip, deflate',
  'accept-language' => 'en-US,en;q=0.9,zh-CN;q=0.8,zh;q=0.7',
  'cookie' => 'PHPSESSID=bkabr6d2evj1m3ehuh3mriq636',
)
[ info ] [ PARAM ] array (
  '_' => '1722332911225',
)
[ info ] [ SESSION ] INIT array (
  'id' => '',
  'var_session_id' => '',
  'prefix' => 'think',
  'type' => '',
  'auto_start' => true,
)
[ info ] [ RUN ] app\index\controller\Dashboard->trend[ D:\MY-workspace\wzyer-list\output\web\application\index\controller\Dashboard.php ]
[ info ] [ VIEW ] D:\MY-workspace\wzyer-list\output\web\public\..\application\index\view\dashboard\trend.php [ array (
  0 => 'loginUserType',
  1 => 'loginMobile',
  2 => '_request_url',
  3 => 'beginDate',
  4 => 'endDate',
) ]
[ info ] [ LOG ] INIT File
---------------------------------------------------------------
[ 2024-07-30T17:48:31+08:00 ] 127.0.0.1 POST www.wzyer-list.net/index/dashboard/trend.html
[运行时间：0.046312s] [吞吐率：21.59req/s] [内存消耗：2,587.01kb] [文件加载：50]
[ info ] [ LANG ] D:\MY-workspace\wzyer-list\output\web\thinkphp\lang\zh-cn.php
[ info ] [ ROUTE ] array (
  'type' => 'module',
  'module' => 
  array (
    0 => 'index',
    1 => 'dashboard',
    2 => 'trend',
  ),
)
[ info ] [ HEADER ] array (
  'host' => 'www.wzyer-list.net',
  'connection' => 'keep-alive',
  'content-length' => '39',
  'accept' => '*/*',
  'x-requested-with' => 'XMLHttpRequest',
  'user-agent' => 'Mozilla/5.0 (Windows NT 10.0; Win64; x64) AppleWebKit/537.36 (KHTML, like Gecko) Chrome/127.0.0.0 Safari/537.36 Edg/127.0.0.0',
  'content-type' => 'application/x-www-form-urlencoded; charset=UTF-8',
  'origin' => 'http://www.wzyer-list.net',
  'referer' => 'http://www.wzyer-list.net/',
  'accept-encoding' => 'gzip, deflate',
  'accept-language' => 'en-US,en;q=0.9,zh-CN;q=0.8,zh;q=0.7',
  'cookie' => 'PHPSESSID=bkabr6d2evj1m3ehuh3mriq636',
)
[ info ] [ PARAM ] array (
  'beginDate' => '2024-06-30',
  'endDate' => '2024-07-30',
)
[ info ] [ SESSION ] INIT array (
  'id' => '',
  'var_session_id' => '',
  'prefix' => 'think',
  'type' => '',
  'auto_start' => true,
)
[ info ] [ RUN ] app\index\controller\Dashboard->trend[ D:\MY-workspace\wzyer-list\output\web\application\index\controller\Dashboard.php ]
[ info ] [ DB ] INIT mysql
[ info ] [ LOG ] INIT File
[ sql ] [ DB ] CONNECT:[ UseTime:0.010243s ] mysql:host=127.0.0.1;port=3306;dbname=wzyer_list;charset=utf8
[ sql ] [ SQL ] SHOW COLUMNS FROM `campaign_subscribers` [ RunTime:0.013379s ]
[ sql ] [ SQL ] SELECT COUNT(*) AS tp_count FROM `campaign_subscribers` WHERE  (  DATE_FORMAT(entered,'%Y-%m-%d')='2024-06-30' ) LIMIT 1 [ RunTime:0.000283s ]
[ sql ] [ SQL ] SELECT COUNT(*) AS tp_count FROM `campaign_subscribers` WHERE  (  DATE_FORMAT(entered,'%Y-%m-%d')='2024-07-01' ) LIMIT 1 [ RunTime:0.000127s ]
[ sql ] [ SQL ] SELECT COUNT(*) AS tp_count FROM `campaign_subscribers` WHERE  (  DATE_FORMAT(entered,'%Y-%m-%d')='2024-07-02' ) LIMIT 1 [ RunTime:0.000130s ]
[ sql ] [ SQL ] SELECT COUNT(*) AS tp_count FROM `campaign_subscribers` WHERE  (  DATE_FORMAT(entered,'%Y-%m-%d')='2024-07-03' ) LIMIT 1 [ RunTime:0.000102s ]
[ sql ] [ SQL ] SELECT COUNT(*) AS tp_count FROM `campaign_subscribers` WHERE  (  DATE_FORMAT(entered,'%Y-%m-%d')='2024-07-04' ) LIMIT 1 [ RunTime:0.000075s ]
[ sql ] [ SQL ] SELECT COUNT(*) AS tp_count FROM `campaign_subscribers` WHERE  (  DATE_FORMAT(entered,'%Y-%m-%d')='2024-07-05' ) LIMIT 1 [ RunTime:0.000061s ]
[ sql ] [ SQL ] SELECT COUNT(*) AS tp_count FROM `campaign_subscribers` WHERE  (  DATE_FORMAT(entered,'%Y-%m-%d')='2024-07-06' ) LIMIT 1 [ RunTime:0.000059s ]
[ sql ] [ SQL ] SELECT COUNT(*) AS tp_count FROM `campaign_subscribers` WHERE  (  DATE_FORMAT(entered,'%Y-%m-%d')='2024-07-07' ) LIMIT 1 [ RunTime:0.000059s ]
[ sql ] [ SQL ] SELECT COUNT(*) AS tp_count FROM `campaign_subscribers` WHERE  (  DATE_FORMAT(entered,'%Y-%m-%d')='2024-07-08' ) LIMIT 1 [ RunTime:0.000062s ]
[ sql ] [ SQL ] SELECT COUNT(*) AS tp_count FROM `campaign_subscribers` WHERE  (  DATE_FORMAT(entered,'%Y-%m-%d')='2024-07-09' ) LIMIT 1 [ RunTime:0.000057s ]
[ sql ] [ SQL ] SELECT COUNT(*) AS tp_count FROM `campaign_subscribers` WHERE  (  DATE_FORMAT(entered,'%Y-%m-%d')='2024-07-10' ) LIMIT 1 [ RunTime:0.000057s ]
[ sql ] [ SQL ] SELECT COUNT(*) AS tp_count FROM `campaign_subscribers` WHERE  (  DATE_FORMAT(entered,'%Y-%m-%d')='2024-07-11' ) LIMIT 1 [ RunTime:0.000057s ]
[ sql ] [ SQL ] SELECT COUNT(*) AS tp_count FROM `campaign_subscribers` WHERE  (  DATE_FORMAT(entered,'%Y-%m-%d')='2024-07-12' ) LIMIT 1 [ RunTime:0.000057s ]
[ sql ] [ SQL ] SELECT COUNT(*) AS tp_count FROM `campaign_subscribers` WHERE  (  DATE_FORMAT(entered,'%Y-%m-%d')='2024-07-13' ) LIMIT 1 [ RunTime:0.000057s ]
[ sql ] [ SQL ] SELECT COUNT(*) AS tp_count FROM `campaign_subscribers` WHERE  (  DATE_FORMAT(entered,'%Y-%m-%d')='2024-07-14' ) LIMIT 1 [ RunTime:0.000057s ]
[ sql ] [ SQL ] SELECT COUNT(*) AS tp_count FROM `campaign_subscribers` WHERE  (  DATE_FORMAT(entered,'%Y-%m-%d')='2024-07-15' ) LIMIT 1 [ RunTime:0.000058s ]
[ sql ] [ SQL ] SELECT COUNT(*) AS tp_count FROM `campaign_subscribers` WHERE  (  DATE_FORMAT(entered,'%Y-%m-%d')='2024-07-16' ) LIMIT 1 [ RunTime:0.000057s ]
[ sql ] [ SQL ] SELECT COUNT(*) AS tp_count FROM `campaign_subscribers` WHERE  (  DATE_FORMAT(entered,'%Y-%m-%d')='2024-07-17' ) LIMIT 1 [ RunTime:0.000057s ]
[ sql ] [ SQL ] SELECT COUNT(*) AS tp_count FROM `campaign_subscribers` WHERE  (  DATE_FORMAT(entered,'%Y-%m-%d')='2024-07-18' ) LIMIT 1 [ RunTime:0.000057s ]
[ sql ] [ SQL ] SELECT COUNT(*) AS tp_count FROM `campaign_subscribers` WHERE  (  DATE_FORMAT(entered,'%Y-%m-%d')='2024-07-19' ) LIMIT 1 [ RunTime:0.000057s ]
[ sql ] [ SQL ] SELECT COUNT(*) AS tp_count FROM `campaign_subscribers` WHERE  (  DATE_FORMAT(entered,'%Y-%m-%d')='2024-07-20' ) LIMIT 1 [ RunTime:0.000057s ]
[ sql ] [ SQL ] SELECT COUNT(*) AS tp_count FROM `campaign_subscribers` WHERE  (  DATE_FORMAT(entered,'%Y-%m-%d')='2024-07-21' ) LIMIT 1 [ RunTime:0.000056s ]
[ sql ] [ SQL ] SELECT COUNT(*) AS tp_count FROM `campaign_subscribers` WHERE  (  DATE_FORMAT(entered,'%Y-%m-%d')='2024-07-22' ) LIMIT 1 [ RunTime:0.000057s ]
[ sql ] [ SQL ] SELECT COUNT(*) AS tp_count FROM `campaign_subscribers` WHERE  (  DATE_FORMAT(entered,'%Y-%m-%d')='2024-07-23' ) LIMIT 1 [ RunTime:0.000061s ]
[ sql ] [ SQL ] SELECT COUNT(*) AS tp_count FROM `campaign_subscribers` WHERE  (  DATE_FORMAT(entered,'%Y-%m-%d')='2024-07-24' ) LIMIT 1 [ RunTime:0.000057s ]
[ sql ] [ SQL ] SELECT COUNT(*) AS tp_count FROM `campaign_subscribers` WHERE  (  DATE_FORMAT(entered,'%Y-%m-%d')='2024-07-25' ) LIMIT 1 [ RunTime:0.000056s ]
[ sql ] [ SQL ] SELECT COUNT(*) AS tp_count FROM `campaign_subscribers` WHERE  (  DATE_FORMAT(entered,'%Y-%m-%d')='2024-07-26' ) LIMIT 1 [ RunTime:0.000057s ]
[ sql ] [ SQL ] SELECT COUNT(*) AS tp_count FROM `campaign_subscribers` WHERE  (  DATE_FORMAT(entered,'%Y-%m-%d')='2024-07-27' ) LIMIT 1 [ RunTime:0.000057s ]
[ sql ] [ SQL ] SELECT COUNT(*) AS tp_count FROM `campaign_subscribers` WHERE  (  DATE_FORMAT(entered,'%Y-%m-%d')='2024-07-28' ) LIMIT 1 [ RunTime:0.000057s ]
[ sql ] [ SQL ] SELECT COUNT(*) AS tp_count FROM `campaign_subscribers` WHERE  (  DATE_FORMAT(entered,'%Y-%m-%d')='2024-07-29' ) LIMIT 1 [ RunTime:0.000087s ]
[ sql ] [ SQL ] SELECT COUNT(*) AS tp_count FROM `campaign_subscribers` WHERE  (  DATE_FORMAT(entered,'%Y-%m-%d')='2024-07-30' ) LIMIT 1 [ RunTime:0.000089s ]
---------------------------------------------------------------
[ 2024-07-30T17:48:32+08:00 ] 127.0.0.1 GET www.wzyer-list.net/index/subscribers/subscriberssearch.html?_=1722332911226
[运行时间：0.101762s] [吞吐率：9.83req/s] [内存消耗：2,981.19kb] [文件加载：54]
[ info ] [ LANG ] D:\MY-workspace\wzyer-list\output\web\thinkphp\lang\zh-cn.php
[ info ] [ ROUTE ] array (
  'type' => 'module',
  'module' => 
  array (
    0 => 'index',
    1 => 'subscribers',
    2 => 'subscriberssearch',
  ),
)
[ info ] [ HEADER ] array (
  'host' => 'www.wzyer-list.net',
  'connection' => 'keep-alive',
  'accept' => 'text/html, */*; q=0.01',
  'user-agent' => 'Mozilla/5.0 (Windows NT 10.0; Win64; x64) AppleWebKit/537.36 (KHTML, like Gecko) Chrome/127.0.0.0 Safari/537.36 Edg/127.0.0.0',
  'x-requested-with' => 'XMLHttpRequest',
  'referer' => 'http://www.wzyer-list.net/',
  'accept-encoding' => 'gzip, deflate',
  'accept-language' => 'en-US,en;q=0.9,zh-CN;q=0.8,zh;q=0.7',
  'cookie' => 'PHPSESSID=bkabr6d2evj1m3ehuh3mriq636',
)
[ info ] [ PARAM ] array (
  '_' => '1722332911226',
)
[ info ] [ SESSION ] INIT array (
  'id' => '',
  'var_session_id' => '',
  'prefix' => 'think',
  'type' => '',
  'auto_start' => true,
)
[ info ] [ RUN ] app\index\controller\Subscribers->subscribersSearch[ D:\MY-workspace\wzyer-list\output\web\application\index\controller\Subscribers.php ]
[ info ] [ DB ] INIT mysql
[ info ] [ VIEW ] D:\MY-workspace\wzyer-list\output\web\public\..\application\index\view\subscribers\subscribers_search.php [ array (
  0 => 'loginUserType',
  1 => 'loginMobile',
  2 => '_request_url',
  3 => 'urlHrefs',
  4 => 'lists',
) ]
[ info ] [ LOG ] INIT File
[ sql ] [ DB ] CONNECT:[ UseTime:0.000396s ] mysql:host=127.0.0.1;port=3306;dbname=wzyer_list;charset=utf8
[ sql ] [ SQL ] SHOW COLUMNS FROM `Lists` [ RunTime:0.012931s ]
[ sql ] [ SQL ] SELECT `list_id`,`name`,`active` FROM `Lists` ORDER BY `order` ASC [ RunTime:0.000228s ]
---------------------------------------------------------------
[ 2024-07-30T17:48:33+08:00 ] 127.0.0.1 POST www.wzyer-list.net/index/subscribers/subscriberssearch.html
[运行时间：0.046811s] [吞吐率：21.36req/s] [内存消耗：2,814.44kb] [文件加载：52]
[ info ] [ LANG ] D:\MY-workspace\wzyer-list\output\web\thinkphp\lang\zh-cn.php
[ info ] [ ROUTE ] array (
  'type' => 'module',
  'module' => 
  array (
    0 => 'index',
    1 => 'subscribers',
    2 => 'subscriberssearch',
  ),
)
[ info ] [ HEADER ] array (
  'host' => 'www.wzyer-list.net',
  'connection' => 'keep-alive',
  'content-length' => '14',
  'accept' => 'application/json, text/javascript, */*; q=0.01',
  'x-requested-with' => 'XMLHttpRequest',
  'user-agent' => 'Mozilla/5.0 (Windows NT 10.0; Win64; x64) AppleWebKit/537.36 (KHTML, like Gecko) Chrome/127.0.0.0 Safari/537.36 Edg/127.0.0.0',
  'content-type' => 'application/x-www-form-urlencoded; charset=UTF-8',
  'origin' => 'http://www.wzyer-list.net',
  'referer' => 'http://www.wzyer-list.net/',
  'accept-encoding' => 'gzip, deflate',
  'accept-language' => 'en-US,en;q=0.9,zh-CN;q=0.8,zh;q=0.7',
  'cookie' => 'PHPSESSID=bkabr6d2evj1m3ehuh3mriq636',
)
[ info ] [ PARAM ] array (
  'page' => '1',
  'rows' => '30',
)
[ info ] [ SESSION ] INIT array (
  'id' => '',
  'var_session_id' => '',
  'prefix' => 'think',
  'type' => '',
  'auto_start' => true,
)
[ info ] [ RUN ] app\index\controller\Subscribers->subscribersSearch[ D:\MY-workspace\wzyer-list\output\web\application\index\controller\Subscribers.php ]
[ info ] [ DB ] INIT mysql
[ info ] [ LOG ] INIT File
[ sql ] [ DB ] CONNECT:[ UseTime:0.000459s ] mysql:host=127.0.0.1;port=3306;dbname=wzyer_list;charset=utf8
[ sql ] [ SQL ] SHOW COLUMNS FROM `subscribers` [ RunTime:0.012444s ]
[ sql ] [ SQL ] SELECT COUNT(*) AS tp_count FROM ( SELECT count(*) FROM `subscribers` `S` LEFT JOIN `list_subscribers` `LS` ON `LS`.`subscriber_id`=`S`.`subscriber_id` WHERE  `S`.`deleted` = 0 GROUP BY `S`.`subscriber_id` ) `_group_count_` LIMIT 1 [ RunTime:0.000219s ]
[ sql ] [ SQL ] SELECT `S`.* FROM `subscribers` `S` LEFT JOIN `list_subscribers` `LS` ON `LS`.`subscriber_id`=`S`.`subscriber_id` WHERE  `S`.`deleted` = 0 GROUP BY `S`.`subscriber_id` ORDER BY `S`.`subscriber_id` DESC LIMIT 0,30 [ RunTime:0.000129s ]
---------------------------------------------------------------
[ 2024-07-30T17:48:33+08:00 ] 127.0.0.1 GET www.wzyer-list.net/index/lists/layout.html?_=1722332911227
[运行时间：0.032771s] [吞吐率：30.51req/s] [内存消耗：1,890.54kb] [文件加载：44]
[ info ] [ LANG ] D:\MY-workspace\wzyer-list\output\web\thinkphp\lang\zh-cn.php
[ info ] [ ROUTE ] array (
  'type' => 'module',
  'module' => 
  array (
    0 => 'index',
    1 => 'lists',
    2 => 'layout',
  ),
)
[ info ] [ HEADER ] array (
  'host' => 'www.wzyer-list.net',
  'connection' => 'keep-alive',
  'accept' => 'text/html, */*; q=0.01',
  'user-agent' => 'Mozilla/5.0 (Windows NT 10.0; Win64; x64) AppleWebKit/537.36 (KHTML, like Gecko) Chrome/127.0.0.0 Safari/537.36 Edg/127.0.0.0',
  'x-requested-with' => 'XMLHttpRequest',
  'referer' => 'http://www.wzyer-list.net/',
  'accept-encoding' => 'gzip, deflate',
  'accept-language' => 'en-US,en;q=0.9,zh-CN;q=0.8,zh;q=0.7',
  'cookie' => 'PHPSESSID=bkabr6d2evj1m3ehuh3mriq636',
)
[ info ] [ PARAM ] array (
  '_' => '1722332911227',
)
[ info ] [ SESSION ] INIT array (
  'id' => '',
  'var_session_id' => '',
  'prefix' => 'think',
  'type' => '',
  'auto_start' => true,
)
[ info ] [ RUN ] app\index\controller\Lists->layout[ D:\MY-workspace\wzyer-list\output\web\application\index\controller\Lists.php ]
[ info ] [ VIEW ] D:\MY-workspace\wzyer-list\output\web\public\..\application\index\view\lists\layout.php [ array (
  0 => 'loginUserType',
  1 => 'loginMobile',
  2 => '_request_url',
  3 => 'urlHrefs',
) ]
[ info ] [ LOG ] INIT File
---------------------------------------------------------------
[ 2024-07-30T17:48:33+08:00 ] 127.0.0.1 GET www.wzyer-list.net/index/lists/tree.html?_=1722332911228
[运行时间：0.057649s] [吞吐率：17.35req/s] [内存消耗：1,944.68kb] [文件加载：45]
[ info ] [ LANG ] D:\MY-workspace\wzyer-list\output\web\thinkphp\lang\zh-cn.php
[ info ] [ ROUTE ] array (
  'type' => 'module',
  'module' => 
  array (
    0 => 'index',
    1 => 'lists',
    2 => 'tree',
  ),
)
[ info ] [ HEADER ] array (
  'host' => 'www.wzyer-list.net',
  'connection' => 'keep-alive',
  'accept' => 'text/html, */*; q=0.01',
  'user-agent' => 'Mozilla/5.0 (Windows NT 10.0; Win64; x64) AppleWebKit/537.36 (KHTML, like Gecko) Chrome/127.0.0.0 Safari/537.36 Edg/127.0.0.0',
  'x-requested-with' => 'XMLHttpRequest',
  'referer' => 'http://www.wzyer-list.net/',
  'accept-encoding' => 'gzip, deflate',
  'accept-language' => 'en-US,en;q=0.9,zh-CN;q=0.8,zh;q=0.7',
  'cookie' => 'PHPSESSID=bkabr6d2evj1m3ehuh3mriq636',
)
[ info ] [ PARAM ] array (
  '_' => '1722332911228',
)
[ info ] [ SESSION ] INIT array (
  'id' => '',
  'var_session_id' => '',
  'prefix' => 'think',
  'type' => '',
  'auto_start' => true,
)
[ info ] [ RUN ] app\index\controller\Lists->tree[ D:\MY-workspace\wzyer-list\output\web\application\index\controller\Lists.php ]
[ info ] [ VIEW ] D:\MY-workspace\wzyer-list\output\web\public\..\application\index\view\lists\tree.php [ array (
  0 => 'loginUserType',
  1 => 'loginMobile',
  2 => '_request_url',
  3 => 'urlHrefs',
) ]
[ info ] [ LOG ] INIT File
---------------------------------------------------------------
[ 2024-07-30T17:48:33+08:00 ] 127.0.0.1 POST www.wzyer-list.net/index/lists/tree.html
[运行时间：0.047467s] [吞吐率：21.07req/s] [内存消耗：2,653.64kb] [文件加载：53]
[ info ] [ LANG ] D:\MY-workspace\wzyer-list\output\web\thinkphp\lang\zh-cn.php
[ info ] [ ROUTE ] array (
  'type' => 'module',
  'module' => 
  array (
    0 => 'index',
    1 => 'lists',
    2 => 'tree',
  ),
)
[ info ] [ HEADER ] array (
  'host' => 'www.wzyer-list.net',
  'connection' => 'keep-alive',
  'content-length' => '8',
  'accept' => 'application/json, text/javascript, */*; q=0.01',
  'x-requested-with' => 'XMLHttpRequest',
  'user-agent' => 'Mozilla/5.0 (Windows NT 10.0; Win64; x64) AppleWebKit/537.36 (KHTML, like Gecko) Chrome/127.0.0.0 Safari/537.36 Edg/127.0.0.0',
  'content-type' => 'application/x-www-form-urlencoded; charset=UTF-8',
  'origin' => 'http://www.wzyer-list.net',
  'referer' => 'http://www.wzyer-list.net/',
  'accept-encoding' => 'gzip, deflate',
  'accept-language' => 'en-US,en;q=0.9,zh-CN;q=0.8,zh;q=0.7',
  'cookie' => 'PHPSESSID=bkabr6d2evj1m3ehuh3mriq636',
)
[ info ] [ PARAM ] array (
  'active' => '1',
)
[ info ] [ SESSION ] INIT array (
  'id' => '',
  'var_session_id' => '',
  'prefix' => 'think',
  'type' => '',
  'auto_start' => true,
)
[ info ] [ RUN ] app\index\controller\Lists->tree[ D:\MY-workspace\wzyer-list\output\web\application\index\controller\Lists.php ]
[ info ] [ DB ] INIT mysql
[ info ] [ LOG ] INIT File
[ sql ] [ DB ] CONNECT:[ UseTime:0.000397s ] mysql:host=127.0.0.1;port=3306;dbname=wzyer_list;charset=utf8
[ sql ] [ SQL ] SHOW COLUMNS FROM `lists` [ RunTime:0.013378s ]
[ sql ] [ SQL ] SELECT `list_id`,`name`,`active` FROM `lists` WHERE  `active` = 1 ORDER BY `order` ASC,`entered` DESC [ RunTime:0.000190s ]
[ sql ] [ SQL ] SHOW COLUMNS FROM `subscribers` [ RunTime:0.013427s ]
[ sql ] [ SQL ] SELECT COUNT(*) AS tp_count FROM `subscribers` `S` LEFT JOIN `list_subscribers` `LS` ON `LS`.`subscriber_id`=`S`.`subscriber_id` WHERE  `LS`.`list_id` IS NULL  AND `S`.`blacklisted` = 0  AND `S`.`deleted` = 0 LIMIT 1 [ RunTime:0.000275s ]
[ sql ] [ SQL ] SELECT COUNT(*) AS tp_count FROM `subscribers` `S` LEFT JOIN `list_subscribers` `LS` ON `LS`.`subscriber_id`=`S`.`subscriber_id` WHERE  `LS`.`list_id` IS NULL  AND `S`.`blacklisted` = 1  AND `S`.`deleted` = 0 LIMIT 1 [ RunTime:0.000153s ]
---------------------------------------------------------------
[ 2024-07-30T17:48:33+08:00 ] 127.0.0.1 GET www.wzyer-list.net/index/lists/lists.html?_=1722332911229
[运行时间：0.061134s] [吞吐率：16.36req/s] [内存消耗：1,953.68kb] [文件加载：45]
[ info ] [ LANG ] D:\MY-workspace\wzyer-list\output\web\thinkphp\lang\zh-cn.php
[ info ] [ ROUTE ] array (
  'type' => 'module',
  'module' => 
  array (
    0 => 'index',
    1 => 'lists',
    2 => 'lists',
  ),
)
[ info ] [ HEADER ] array (
  'host' => 'www.wzyer-list.net',
  'connection' => 'keep-alive',
  'accept' => 'text/html, */*; q=0.01',
  'user-agent' => 'Mozilla/5.0 (Windows NT 10.0; Win64; x64) AppleWebKit/537.36 (KHTML, like Gecko) Chrome/127.0.0.0 Safari/537.36 Edg/127.0.0.0',
  'x-requested-with' => 'XMLHttpRequest',
  'referer' => 'http://www.wzyer-list.net/',
  'accept-encoding' => 'gzip, deflate',
  'accept-language' => 'en-US,en;q=0.9,zh-CN;q=0.8,zh;q=0.7',
  'cookie' => 'PHPSESSID=bkabr6d2evj1m3ehuh3mriq636',
)
[ info ] [ PARAM ] array (
  '_' => '1722332911229',
)
[ info ] [ SESSION ] INIT array (
  'id' => '',
  'var_session_id' => '',
  'prefix' => 'think',
  'type' => '',
  'auto_start' => true,
)
[ info ] [ RUN ] app\index\controller\Lists->lists[ D:\MY-workspace\wzyer-list\output\web\application\index\controller\Lists.php ]
[ info ] [ VIEW ] D:\MY-workspace\wzyer-list\output\web\public\..\application\index\view\lists\lists.php [ array (
  0 => 'loginUserType',
  1 => 'loginMobile',
  2 => '_request_url',
  3 => 'urlHrefs',
) ]
[ info ] [ LOG ] INIT File
---------------------------------------------------------------
[ 2024-07-30T17:48:33+08:00 ] 127.0.0.1 POST www.wzyer-list.net/index/lists/lists.html
[运行时间：0.057444s] [吞吐率：17.41req/s] [内存消耗：2,625.14kb] [文件加载：52]
[ info ] [ LANG ] D:\MY-workspace\wzyer-list\output\web\thinkphp\lang\zh-cn.php
[ info ] [ ROUTE ] array (
  'type' => 'module',
  'module' => 
  array (
    0 => 'index',
    1 => 'lists',
    2 => 'lists',
  ),
)
[ info ] [ HEADER ] array (
  'host' => 'www.wzyer-list.net',
  'connection' => 'keep-alive',
  'content-length' => '14',
  'accept' => 'application/json, text/javascript, */*; q=0.01',
  'x-requested-with' => 'XMLHttpRequest',
  'user-agent' => 'Mozilla/5.0 (Windows NT 10.0; Win64; x64) AppleWebKit/537.36 (KHTML, like Gecko) Chrome/127.0.0.0 Safari/537.36 Edg/127.0.0.0',
  'content-type' => 'application/x-www-form-urlencoded; charset=UTF-8',
  'origin' => 'http://www.wzyer-list.net',
  'referer' => 'http://www.wzyer-list.net/',
  'accept-encoding' => 'gzip, deflate',
  'accept-language' => 'en-US,en;q=0.9,zh-CN;q=0.8,zh;q=0.7',
  'cookie' => 'PHPSESSID=bkabr6d2evj1m3ehuh3mriq636',
)
[ info ] [ PARAM ] array (
  'page' => '1',
  'rows' => '30',
)
[ info ] [ SESSION ] INIT array (
  'id' => '',
  'var_session_id' => '',
  'prefix' => 'think',
  'type' => '',
  'auto_start' => true,
)
[ info ] [ RUN ] app\index\controller\Lists->lists[ D:\MY-workspace\wzyer-list\output\web\application\index\controller\Lists.php ]
[ info ] [ DB ] INIT mysql
[ info ] [ LOG ] INIT File
[ sql ] [ DB ] CONNECT:[ UseTime:0.024930s ] mysql:host=127.0.0.1;port=3306;dbname=wzyer_list;charset=utf8
[ sql ] [ SQL ] SHOW COLUMNS FROM `lists` [ RunTime:0.012458s ]
[ sql ] [ SQL ] SELECT COUNT(*) AS tp_count FROM `lists` LIMIT 1 [ RunTime:0.000177s ]
[ sql ] [ SQL ] SELECT `list_id`,`name`,`description`,`entered`,`modified`,`active`,`order` FROM `lists` ORDER BY `active` ASC LIMIT 0,30 [ RunTime:0.000141s ]
---------------------------------------------------------------
[ 2024-07-30T17:48:33+08:00 ] 127.0.0.1 GET www.wzyer-list.net/index/subscribers/subscriberssearch.html?_=1722332911230
[运行时间：0.035661s] [吞吐率：28.04req/s] [内存消耗：2,807.22kb] [文件加载：52]
[ info ] [ LANG ] D:\MY-workspace\wzyer-list\output\web\thinkphp\lang\zh-cn.php
[ info ] [ ROUTE ] array (
  'type' => 'module',
  'module' => 
  array (
    0 => 'index',
    1 => 'subscribers',
    2 => 'subscriberssearch',
  ),
)
[ info ] [ HEADER ] array (
  'host' => 'www.wzyer-list.net',
  'connection' => 'keep-alive',
  'accept' => 'text/html, */*; q=0.01',
  'user-agent' => 'Mozilla/5.0 (Windows NT 10.0; Win64; x64) AppleWebKit/537.36 (KHTML, like Gecko) Chrome/127.0.0.0 Safari/537.36 Edg/127.0.0.0',
  'x-requested-with' => 'XMLHttpRequest',
  'referer' => 'http://www.wzyer-list.net/',
  'accept-encoding' => 'gzip, deflate',
  'accept-language' => 'en-US,en;q=0.9,zh-CN;q=0.8,zh;q=0.7',
  'cookie' => 'PHPSESSID=bkabr6d2evj1m3ehuh3mriq636',
)
[ info ] [ PARAM ] array (
  '_' => '1722332911230',
)
[ info ] [ SESSION ] INIT array (
  'id' => '',
  'var_session_id' => '',
  'prefix' => 'think',
  'type' => '',
  'auto_start' => true,
)
[ info ] [ RUN ] app\index\controller\Subscribers->subscribersSearch[ D:\MY-workspace\wzyer-list\output\web\application\index\controller\Subscribers.php ]
[ info ] [ DB ] INIT mysql
[ info ] [ VIEW ] D:\MY-workspace\wzyer-list\output\web\public\..\application\index\view\subscribers\subscribers_search.php [ array (
  0 => 'loginUserType',
  1 => 'loginMobile',
  2 => '_request_url',
  3 => 'urlHrefs',
  4 => 'lists',
) ]
[ info ] [ LOG ] INIT File
[ sql ] [ DB ] CONNECT:[ UseTime:0.000477s ] mysql:host=127.0.0.1;port=3306;dbname=wzyer_list;charset=utf8
[ sql ] [ SQL ] SHOW COLUMNS FROM `Lists` [ RunTime:0.013231s ]
[ sql ] [ SQL ] SELECT `list_id`,`name`,`active` FROM `Lists` ORDER BY `order` ASC [ RunTime:0.000161s ]
---------------------------------------------------------------
[ 2024-07-30T17:48:33+08:00 ] 127.0.0.1 POST www.wzyer-list.net/index/subscribers/subscriberssearch.html
[运行时间：0.045056s] [吞吐率：22.19req/s] [内存消耗：2,814.44kb] [文件加载：52]
[ info ] [ LANG ] D:\MY-workspace\wzyer-list\output\web\thinkphp\lang\zh-cn.php
[ info ] [ ROUTE ] array (
  'type' => 'module',
  'module' => 
  array (
    0 => 'index',
    1 => 'subscribers',
    2 => 'subscriberssearch',
  ),
)
[ info ] [ HEADER ] array (
  'host' => 'www.wzyer-list.net',
  'connection' => 'keep-alive',
  'content-length' => '14',
  'accept' => 'application/json, text/javascript, */*; q=0.01',
  'x-requested-with' => 'XMLHttpRequest',
  'user-agent' => 'Mozilla/5.0 (Windows NT 10.0; Win64; x64) AppleWebKit/537.36 (KHTML, like Gecko) Chrome/127.0.0.0 Safari/537.36 Edg/127.0.0.0',
  'content-type' => 'application/x-www-form-urlencoded; charset=UTF-8',
  'origin' => 'http://www.wzyer-list.net',
  'referer' => 'http://www.wzyer-list.net/',
  'accept-encoding' => 'gzip, deflate',
  'accept-language' => 'en-US,en;q=0.9,zh-CN;q=0.8,zh;q=0.7',
  'cookie' => 'PHPSESSID=bkabr6d2evj1m3ehuh3mriq636',
)
[ info ] [ PARAM ] array (
  'page' => '1',
  'rows' => '30',
)
[ info ] [ SESSION ] INIT array (
  'id' => '',
  'var_session_id' => '',
  'prefix' => 'think',
  'type' => '',
  'auto_start' => true,
)
[ info ] [ RUN ] app\index\controller\Subscribers->subscribersSearch[ D:\MY-workspace\wzyer-list\output\web\application\index\controller\Subscribers.php ]
[ info ] [ DB ] INIT mysql
[ info ] [ LOG ] INIT File
[ sql ] [ DB ] CONNECT:[ UseTime:0.011003s ] mysql:host=127.0.0.1;port=3306;dbname=wzyer_list;charset=utf8
[ sql ] [ SQL ] SHOW COLUMNS FROM `subscribers` [ RunTime:0.012515s ]
[ sql ] [ SQL ] SELECT COUNT(*) AS tp_count FROM ( SELECT count(*) FROM `subscribers` `S` LEFT JOIN `list_subscribers` `LS` ON `LS`.`subscriber_id`=`S`.`subscriber_id` WHERE  `S`.`deleted` = 0 GROUP BY `S`.`subscriber_id` ) `_group_count_` LIMIT 1 [ RunTime:0.000223s ]
[ sql ] [ SQL ] SELECT `S`.* FROM `subscribers` `S` LEFT JOIN `list_subscribers` `LS` ON `LS`.`subscriber_id`=`S`.`subscriber_id` WHERE  `S`.`deleted` = 0 GROUP BY `S`.`subscriber_id` ORDER BY `S`.`subscriber_id` DESC LIMIT 0,30 [ RunTime:0.000140s ]
---------------------------------------------------------------
[ 2024-07-30T17:48:34+08:00 ] 127.0.0.1 GET www.wzyer-list.net/index/lists/layout.html?_=1722332911231
[运行时间：0.014835s] [吞吐率：67.41req/s] [内存消耗：1,762.95kb] [文件加载：42]
[ info ] [ LANG ] D:\MY-workspace\wzyer-list\output\web\thinkphp\lang\zh-cn.php
[ info ] [ ROUTE ] array (
  'type' => 'module',
  'module' => 
  array (
    0 => 'index',
    1 => 'lists',
    2 => 'layout',
  ),
)
[ info ] [ HEADER ] array (
  'host' => 'www.wzyer-list.net',
  'connection' => 'keep-alive',
  'accept' => 'text/html, */*; q=0.01',
  'user-agent' => 'Mozilla/5.0 (Windows NT 10.0; Win64; x64) AppleWebKit/537.36 (KHTML, like Gecko) Chrome/127.0.0.0 Safari/537.36 Edg/127.0.0.0',
  'x-requested-with' => 'XMLHttpRequest',
  'referer' => 'http://www.wzyer-list.net/',
  'accept-encoding' => 'gzip, deflate',
  'accept-language' => 'en-US,en;q=0.9,zh-CN;q=0.8,zh;q=0.7',
  'cookie' => 'PHPSESSID=bkabr6d2evj1m3ehuh3mriq636',
)
[ info ] [ PARAM ] array (
  '_' => '1722332911231',
)
[ info ] [ SESSION ] INIT array (
  'id' => '',
  'var_session_id' => '',
  'prefix' => 'think',
  'type' => '',
  'auto_start' => true,
)
[ info ] [ RUN ] app\index\controller\Lists->layout[ D:\MY-workspace\wzyer-list\output\web\application\index\controller\Lists.php ]
[ info ] [ VIEW ] D:\MY-workspace\wzyer-list\output\web\public\..\application\index\view\lists\layout.php [ array (
  0 => 'loginUserType',
  1 => 'loginMobile',
  2 => '_request_url',
  3 => 'urlHrefs',
) ]
[ info ] [ LOG ] INIT File
---------------------------------------------------------------
[ 2024-07-30T17:48:34+08:00 ] 127.0.0.1 GET www.wzyer-list.net/index/lists/tree.html?_=1722332911232
[运行时间：0.013544s] [吞吐率：73.83req/s] [内存消耗：1,795.41kb] [文件加载：43]
[ info ] [ LANG ] D:\MY-workspace\wzyer-list\output\web\thinkphp\lang\zh-cn.php
[ info ] [ ROUTE ] array (
  'type' => 'module',
  'module' => 
  array (
    0 => 'index',
    1 => 'lists',
    2 => 'tree',
  ),
)
[ info ] [ HEADER ] array (
  'host' => 'www.wzyer-list.net',
  'connection' => 'keep-alive',
  'accept' => 'text/html, */*; q=0.01',
  'user-agent' => 'Mozilla/5.0 (Windows NT 10.0; Win64; x64) AppleWebKit/537.36 (KHTML, like Gecko) Chrome/127.0.0.0 Safari/537.36 Edg/127.0.0.0',
  'x-requested-with' => 'XMLHttpRequest',
  'referer' => 'http://www.wzyer-list.net/',
  'accept-encoding' => 'gzip, deflate',
  'accept-language' => 'en-US,en;q=0.9,zh-CN;q=0.8,zh;q=0.7',
  'cookie' => 'PHPSESSID=bkabr6d2evj1m3ehuh3mriq636',
)
[ info ] [ PARAM ] array (
  '_' => '1722332911232',
)
[ info ] [ SESSION ] INIT array (
  'id' => '',
  'var_session_id' => '',
  'prefix' => 'think',
  'type' => '',
  'auto_start' => true,
)
[ info ] [ RUN ] app\index\controller\Lists->tree[ D:\MY-workspace\wzyer-list\output\web\application\index\controller\Lists.php ]
[ info ] [ VIEW ] D:\MY-workspace\wzyer-list\output\web\public\..\application\index\view\lists\tree.php [ array (
  0 => 'loginUserType',
  1 => 'loginMobile',
  2 => '_request_url',
  3 => 'urlHrefs',
) ]
[ info ] [ LOG ] INIT File
---------------------------------------------------------------
[ 2024-07-30T17:48:34+08:00 ] 127.0.0.1 POST www.wzyer-list.net/index/lists/tree.html
[运行时间：0.041514s] [吞吐率：24.09req/s] [内存消耗：2,653.64kb] [文件加载：53]
[ info ] [ LANG ] D:\MY-workspace\wzyer-list\output\web\thinkphp\lang\zh-cn.php
[ info ] [ ROUTE ] array (
  'type' => 'module',
  'module' => 
  array (
    0 => 'index',
    1 => 'lists',
    2 => 'tree',
  ),
)
[ info ] [ HEADER ] array (
  'host' => 'www.wzyer-list.net',
  'connection' => 'keep-alive',
  'content-length' => '8',
  'accept' => 'application/json, text/javascript, */*; q=0.01',
  'x-requested-with' => 'XMLHttpRequest',
  'user-agent' => 'Mozilla/5.0 (Windows NT 10.0; Win64; x64) AppleWebKit/537.36 (KHTML, like Gecko) Chrome/127.0.0.0 Safari/537.36 Edg/127.0.0.0',
  'content-type' => 'application/x-www-form-urlencoded; charset=UTF-8',
  'origin' => 'http://www.wzyer-list.net',
  'referer' => 'http://www.wzyer-list.net/',
  'accept-encoding' => 'gzip, deflate',
  'accept-language' => 'en-US,en;q=0.9,zh-CN;q=0.8,zh;q=0.7',
  'cookie' => 'PHPSESSID=bkabr6d2evj1m3ehuh3mriq636',
)
[ info ] [ PARAM ] array (
  'active' => '1',
)
[ info ] [ SESSION ] INIT array (
  'id' => '',
  'var_session_id' => '',
  'prefix' => 'think',
  'type' => '',
  'auto_start' => true,
)
[ info ] [ RUN ] app\index\controller\Lists->tree[ D:\MY-workspace\wzyer-list\output\web\application\index\controller\Lists.php ]
[ info ] [ DB ] INIT mysql
[ info ] [ LOG ] INIT File
[ sql ] [ DB ] CONNECT:[ UseTime:0.000418s ] mysql:host=127.0.0.1;port=3306;dbname=wzyer_list;charset=utf8
[ sql ] [ SQL ] SHOW COLUMNS FROM `lists` [ RunTime:0.011641s ]
[ sql ] [ SQL ] SELECT `list_id`,`name`,`active` FROM `lists` WHERE  `active` = 1 ORDER BY `order` ASC,`entered` DESC [ RunTime:0.000205s ]
[ sql ] [ SQL ] SHOW COLUMNS FROM `subscribers` [ RunTime:0.010032s ]
[ sql ] [ SQL ] SELECT COUNT(*) AS tp_count FROM `subscribers` `S` LEFT JOIN `list_subscribers` `LS` ON `LS`.`subscriber_id`=`S`.`subscriber_id` WHERE  `LS`.`list_id` IS NULL  AND `S`.`blacklisted` = 0  AND `S`.`deleted` = 0 LIMIT 1 [ RunTime:0.000212s ]
[ sql ] [ SQL ] SELECT COUNT(*) AS tp_count FROM `subscribers` `S` LEFT JOIN `list_subscribers` `LS` ON `LS`.`subscriber_id`=`S`.`subscriber_id` WHERE  `LS`.`list_id` IS NULL  AND `S`.`blacklisted` = 1  AND `S`.`deleted` = 0 LIMIT 1 [ RunTime:0.000188s ]
---------------------------------------------------------------
[ 2024-07-30T17:48:34+08:00 ] 127.0.0.1 GET www.wzyer-list.net/index/lists/lists.html?_=1722332911233
[运行时间：0.015042s] [吞吐率：66.48req/s] [内存消耗：1,796.30kb] [文件加载：43]
[ info ] [ LANG ] D:\MY-workspace\wzyer-list\output\web\thinkphp\lang\zh-cn.php
[ info ] [ ROUTE ] array (
  'type' => 'module',
  'module' => 
  array (
    0 => 'index',
    1 => 'lists',
    2 => 'lists',
  ),
)
[ info ] [ HEADER ] array (
  'host' => 'www.wzyer-list.net',
  'connection' => 'keep-alive',
  'accept' => 'text/html, */*; q=0.01',
  'user-agent' => 'Mozilla/5.0 (Windows NT 10.0; Win64; x64) AppleWebKit/537.36 (KHTML, like Gecko) Chrome/127.0.0.0 Safari/537.36 Edg/127.0.0.0',
  'x-requested-with' => 'XMLHttpRequest',
  'referer' => 'http://www.wzyer-list.net/',
  'accept-encoding' => 'gzip, deflate',
  'accept-language' => 'en-US,en;q=0.9,zh-CN;q=0.8,zh;q=0.7',
  'cookie' => 'PHPSESSID=bkabr6d2evj1m3ehuh3mriq636',
)
[ info ] [ PARAM ] array (
  '_' => '1722332911233',
)
[ info ] [ SESSION ] INIT array (
  'id' => '',
  'var_session_id' => '',
  'prefix' => 'think',
  'type' => '',
  'auto_start' => true,
)
[ info ] [ RUN ] app\index\controller\Lists->lists[ D:\MY-workspace\wzyer-list\output\web\application\index\controller\Lists.php ]
[ info ] [ VIEW ] D:\MY-workspace\wzyer-list\output\web\public\..\application\index\view\lists\lists.php [ array (
  0 => 'loginUserType',
  1 => 'loginMobile',
  2 => '_request_url',
  3 => 'urlHrefs',
) ]
[ info ] [ LOG ] INIT File
---------------------------------------------------------------
[ 2024-07-30T17:48:34+08:00 ] 127.0.0.1 POST www.wzyer-list.net/index/lists/lists.html
[运行时间：0.032801s] [吞吐率：30.49req/s] [内存消耗：2,625.14kb] [文件加载：52]
[ info ] [ LANG ] D:\MY-workspace\wzyer-list\output\web\thinkphp\lang\zh-cn.php
[ info ] [ ROUTE ] array (
  'type' => 'module',
  'module' => 
  array (
    0 => 'index',
    1 => 'lists',
    2 => 'lists',
  ),
)
[ info ] [ HEADER ] array (
  'host' => 'www.wzyer-list.net',
  'connection' => 'keep-alive',
  'content-length' => '14',
  'accept' => 'application/json, text/javascript, */*; q=0.01',
  'x-requested-with' => 'XMLHttpRequest',
  'user-agent' => 'Mozilla/5.0 (Windows NT 10.0; Win64; x64) AppleWebKit/537.36 (KHTML, like Gecko) Chrome/127.0.0.0 Safari/537.36 Edg/127.0.0.0',
  'content-type' => 'application/x-www-form-urlencoded; charset=UTF-8',
  'origin' => 'http://www.wzyer-list.net',
  'referer' => 'http://www.wzyer-list.net/',
  'accept-encoding' => 'gzip, deflate',
  'accept-language' => 'en-US,en;q=0.9,zh-CN;q=0.8,zh;q=0.7',
  'cookie' => 'PHPSESSID=bkabr6d2evj1m3ehuh3mriq636',
)
[ info ] [ PARAM ] array (
  'page' => '1',
  'rows' => '30',
)
[ info ] [ SESSION ] INIT array (
  'id' => '',
  'var_session_id' => '',
  'prefix' => 'think',
  'type' => '',
  'auto_start' => true,
)
[ info ] [ RUN ] app\index\controller\Lists->lists[ D:\MY-workspace\wzyer-list\output\web\application\index\controller\Lists.php ]
[ info ] [ DB ] INIT mysql
[ info ] [ LOG ] INIT File
[ sql ] [ DB ] CONNECT:[ UseTime:0.000484s ] mysql:host=127.0.0.1;port=3306;dbname=wzyer_list;charset=utf8
[ sql ] [ SQL ] SHOW COLUMNS FROM `lists` [ RunTime:0.012940s ]
[ sql ] [ SQL ] SELECT COUNT(*) AS tp_count FROM `lists` LIMIT 1 [ RunTime:0.000207s ]
[ sql ] [ SQL ] SELECT `list_id`,`name`,`description`,`entered`,`modified`,`active`,`order` FROM `lists` ORDER BY `active` ASC LIMIT 0,30 [ RunTime:0.000141s ]
---------------------------------------------------------------
[ 2024-07-30T17:48:34+08:00 ] 127.0.0.1 GET www.wzyer-list.net/index/subscribers/subscriberssearch.html?_=1722332911234
[运行时间：0.033860s] [吞吐率：29.53req/s] [内存消耗：2,807.22kb] [文件加载：52]
[ info ] [ LANG ] D:\MY-workspace\wzyer-list\output\web\thinkphp\lang\zh-cn.php
[ info ] [ ROUTE ] array (
  'type' => 'module',
  'module' => 
  array (
    0 => 'index',
    1 => 'subscribers',
    2 => 'subscriberssearch',
  ),
)
[ info ] [ HEADER ] array (
  'host' => 'www.wzyer-list.net',
  'connection' => 'keep-alive',
  'accept' => 'text/html, */*; q=0.01',
  'user-agent' => 'Mozilla/5.0 (Windows NT 10.0; Win64; x64) AppleWebKit/537.36 (KHTML, like Gecko) Chrome/127.0.0.0 Safari/537.36 Edg/127.0.0.0',
  'x-requested-with' => 'XMLHttpRequest',
  'referer' => 'http://www.wzyer-list.net/',
  'accept-encoding' => 'gzip, deflate',
  'accept-language' => 'en-US,en;q=0.9,zh-CN;q=0.8,zh;q=0.7',
  'cookie' => 'PHPSESSID=bkabr6d2evj1m3ehuh3mriq636',
)
[ info ] [ PARAM ] array (
  '_' => '1722332911234',
)
[ info ] [ SESSION ] INIT array (
  'id' => '',
  'var_session_id' => '',
  'prefix' => 'think',
  'type' => '',
  'auto_start' => true,
)
[ info ] [ RUN ] app\index\controller\Subscribers->subscribersSearch[ D:\MY-workspace\wzyer-list\output\web\application\index\controller\Subscribers.php ]
[ info ] [ DB ] INIT mysql
[ info ] [ VIEW ] D:\MY-workspace\wzyer-list\output\web\public\..\application\index\view\subscribers\subscribers_search.php [ array (
  0 => 'loginUserType',
  1 => 'loginMobile',
  2 => '_request_url',
  3 => 'urlHrefs',
  4 => 'lists',
) ]
[ info ] [ LOG ] INIT File
[ sql ] [ DB ] CONNECT:[ UseTime:0.000461s ] mysql:host=127.0.0.1;port=3306;dbname=wzyer_list;charset=utf8
[ sql ] [ SQL ] SHOW COLUMNS FROM `Lists` [ RunTime:0.012644s ]
[ sql ] [ SQL ] SELECT `list_id`,`name`,`active` FROM `Lists` ORDER BY `order` ASC [ RunTime:0.000213s ]
---------------------------------------------------------------
[ 2024-07-30T17:48:34+08:00 ] 127.0.0.1 POST www.wzyer-list.net/index/subscribers/subscriberssearch.html
[运行时间：0.033651s] [吞吐率：29.72req/s] [内存消耗：2,814.44kb] [文件加载：52]
[ info ] [ LANG ] D:\MY-workspace\wzyer-list\output\web\thinkphp\lang\zh-cn.php
[ info ] [ ROUTE ] array (
  'type' => 'module',
  'module' => 
  array (
    0 => 'index',
    1 => 'subscribers',
    2 => 'subscriberssearch',
  ),
)
[ info ] [ HEADER ] array (
  'host' => 'www.wzyer-list.net',
  'connection' => 'keep-alive',
  'content-length' => '14',
  'accept' => 'application/json, text/javascript, */*; q=0.01',
  'x-requested-with' => 'XMLHttpRequest',
  'user-agent' => 'Mozilla/5.0 (Windows NT 10.0; Win64; x64) AppleWebKit/537.36 (KHTML, like Gecko) Chrome/127.0.0.0 Safari/537.36 Edg/127.0.0.0',
  'content-type' => 'application/x-www-form-urlencoded; charset=UTF-8',
  'origin' => 'http://www.wzyer-list.net',
  'referer' => 'http://www.wzyer-list.net/',
  'accept-encoding' => 'gzip, deflate',
  'accept-language' => 'en-US,en;q=0.9,zh-CN;q=0.8,zh;q=0.7',
  'cookie' => 'PHPSESSID=bkabr6d2evj1m3ehuh3mriq636',
)
[ info ] [ PARAM ] array (
  'page' => '1',
  'rows' => '30',
)
[ info ] [ SESSION ] INIT array (
  'id' => '',
  'var_session_id' => '',
  'prefix' => 'think',
  'type' => '',
  'auto_start' => true,
)
[ info ] [ RUN ] app\index\controller\Subscribers->subscribersSearch[ D:\MY-workspace\wzyer-list\output\web\application\index\controller\Subscribers.php ]
[ info ] [ DB ] INIT mysql
[ info ] [ LOG ] INIT File
[ sql ] [ DB ] CONNECT:[ UseTime:0.000510s ] mysql:host=127.0.0.1;port=3306;dbname=wzyer_list;charset=utf8
[ sql ] [ SQL ] SHOW COLUMNS FROM `subscribers` [ RunTime:0.011537s ]
[ sql ] [ SQL ] SELECT COUNT(*) AS tp_count FROM ( SELECT count(*) FROM `subscribers` `S` LEFT JOIN `list_subscribers` `LS` ON `LS`.`subscriber_id`=`S`.`subscriber_id` WHERE  `S`.`deleted` = 0 GROUP BY `S`.`subscriber_id` ) `_group_count_` LIMIT 1 [ RunTime:0.000447s ]
[ sql ] [ SQL ] SELECT `S`.* FROM `subscribers` `S` LEFT JOIN `list_subscribers` `LS` ON `LS`.`subscriber_id`=`S`.`subscriber_id` WHERE  `S`.`deleted` = 0 GROUP BY `S`.`subscriber_id` ORDER BY `S`.`subscriber_id` DESC LIMIT 0,30 [ RunTime:0.000181s ]
---------------------------------------------------------------
[ 2024-07-30T17:48:46+08:00 ] 127.0.0.1 POST www.wzyer-list.net/index/index/public_sessionlife.html
[运行时间：0.022350s] [吞吐率：44.74req/s] [内存消耗：2,782.52kb] [文件加载：53]
[ info ] [ LANG ] D:\MY-workspace\wzyer-list\output\web\thinkphp\lang\zh-cn.php
[ info ] [ ROUTE ] array (
  'type' => 'module',
  'module' => 
  array (
    0 => 'index',
    1 => 'index',
    2 => 'public_sessionlife',
  ),
)
[ info ] [ HEADER ] array (
  'host' => 'www.wzyer-list.net',
  'connection' => 'keep-alive',
  'content-length' => '0',
  'accept' => 'application/json, text/javascript, */*; q=0.01',
  'user-agent' => 'Mozilla/5.0 (Windows NT 10.0; Win64; x64) AppleWebKit/537.36 (KHTML, like Gecko) Chrome/127.0.0.0 Safari/537.36 Edg/127.0.0.0',
  'x-requested-with' => 'XMLHttpRequest',
  'origin' => 'http://www.wzyer-list.net',
  'referer' => 'http://www.wzyer-list.net/',
  'accept-encoding' => 'gzip, deflate',
  'accept-language' => 'en-US,en;q=0.9,zh-CN;q=0.8,zh;q=0.7',
  'cookie' => 'PHPSESSID=bkabr6d2evj1m3ehuh3mriq636',
)
[ info ] [ PARAM ] array (
)
[ info ] [ SESSION ] INIT array (
  'id' => '',
  'var_session_id' => '',
  'prefix' => 'think',
  'type' => '',
  'auto_start' => true,
)
[ info ] [ RUN ] app\index\controller\Index->public_sessionLife[ D:\MY-workspace\wzyer-list\output\web\application\index\controller\Index.php ]
[ info ] [ DB ] INIT mysql
[ info ] [ CACHE ] INIT File
[ info ] [ LOG ] INIT File
---------------------------------------------------------------
[ 2024-07-30T17:49:01+08:00 ] 127.0.0.1 POST www.wzyer-list.net/index/index/public_sessionlife.html
[运行时间：0.017907s] [吞吐率：55.84req/s] [内存消耗：2,782.52kb] [文件加载：53]
[ info ] [ LANG ] D:\MY-workspace\wzyer-list\output\web\thinkphp\lang\zh-cn.php
[ info ] [ ROUTE ] array (
  'type' => 'module',
  'module' => 
  array (
    0 => 'index',
    1 => 'index',
    2 => 'public_sessionlife',
  ),
)
[ info ] [ HEADER ] array (
  'host' => 'www.wzyer-list.net',
  'connection' => 'keep-alive',
  'content-length' => '0',
  'accept' => 'application/json, text/javascript, */*; q=0.01',
  'user-agent' => 'Mozilla/5.0 (Windows NT 10.0; Win64; x64) AppleWebKit/537.36 (KHTML, like Gecko) Chrome/127.0.0.0 Safari/537.36 Edg/127.0.0.0',
  'x-requested-with' => 'XMLHttpRequest',
  'origin' => 'http://www.wzyer-list.net',
  'referer' => 'http://www.wzyer-list.net/',
  'accept-encoding' => 'gzip, deflate',
  'accept-language' => 'en-US,en;q=0.9,zh-CN;q=0.8,zh;q=0.7',
  'cookie' => 'PHPSESSID=bkabr6d2evj1m3ehuh3mriq636',
)
[ info ] [ PARAM ] array (
)
[ info ] [ SESSION ] INIT array (
  'id' => '',
  'var_session_id' => '',
  'prefix' => 'think',
  'type' => '',
  'auto_start' => true,
)
[ info ] [ RUN ] app\index\controller\Index->public_sessionLife[ D:\MY-workspace\wzyer-list\output\web\application\index\controller\Index.php ]
[ info ] [ DB ] INIT mysql
[ info ] [ CACHE ] INIT File
[ info ] [ LOG ] INIT File
---------------------------------------------------------------
[ 2024-07-30T17:49:16+08:00 ] 127.0.0.1 POST www.wzyer-list.net/index/index/public_sessionlife.html
[运行时间：0.019274s] [吞吐率：51.88req/s] [内存消耗：2,782.52kb] [文件加载：53]
[ info ] [ LANG ] D:\MY-workspace\wzyer-list\output\web\thinkphp\lang\zh-cn.php
[ info ] [ ROUTE ] array (
  'type' => 'module',
  'module' => 
  array (
    0 => 'index',
    1 => 'index',
    2 => 'public_sessionlife',
  ),
)
[ info ] [ HEADER ] array (
  'host' => 'www.wzyer-list.net',
  'connection' => 'keep-alive',
  'content-length' => '0',
  'accept' => 'application/json, text/javascript, */*; q=0.01',
  'user-agent' => 'Mozilla/5.0 (Windows NT 10.0; Win64; x64) AppleWebKit/537.36 (KHTML, like Gecko) Chrome/127.0.0.0 Safari/537.36 Edg/127.0.0.0',
  'x-requested-with' => 'XMLHttpRequest',
  'origin' => 'http://www.wzyer-list.net',
  'referer' => 'http://www.wzyer-list.net/',
  'accept-encoding' => 'gzip, deflate',
  'accept-language' => 'en-US,en;q=0.9,zh-CN;q=0.8,zh;q=0.7',
  'cookie' => 'PHPSESSID=bkabr6d2evj1m3ehuh3mriq636',
)
[ info ] [ PARAM ] array (
)
[ info ] [ SESSION ] INIT array (
  'id' => '',
  'var_session_id' => '',
  'prefix' => 'think',
  'type' => '',
  'auto_start' => true,
)
[ info ] [ RUN ] app\index\controller\Index->public_sessionLife[ D:\MY-workspace\wzyer-list\output\web\application\index\controller\Index.php ]
[ info ] [ DB ] INIT mysql
[ info ] [ CACHE ] INIT File
[ info ] [ LOG ] INIT File
---------------------------------------------------------------
[ 2024-07-30T17:49:31+08:00 ] 127.0.0.1 POST www.wzyer-list.net/index/index/public_sessionlife.html
[运行时间：0.018358s] [吞吐率：54.47req/s] [内存消耗：2,782.52kb] [文件加载：53]
[ info ] [ LANG ] D:\MY-workspace\wzyer-list\output\web\thinkphp\lang\zh-cn.php
[ info ] [ ROUTE ] array (
  'type' => 'module',
  'module' => 
  array (
    0 => 'index',
    1 => 'index',
    2 => 'public_sessionlife',
  ),
)
[ info ] [ HEADER ] array (
  'host' => 'www.wzyer-list.net',
  'connection' => 'keep-alive',
  'content-length' => '0',
  'accept' => 'application/json, text/javascript, */*; q=0.01',
  'user-agent' => 'Mozilla/5.0 (Windows NT 10.0; Win64; x64) AppleWebKit/537.36 (KHTML, like Gecko) Chrome/127.0.0.0 Safari/537.36 Edg/127.0.0.0',
  'x-requested-with' => 'XMLHttpRequest',
  'origin' => 'http://www.wzyer-list.net',
  'referer' => 'http://www.wzyer-list.net/',
  'accept-encoding' => 'gzip, deflate',
  'accept-language' => 'en-US,en;q=0.9,zh-CN;q=0.8,zh;q=0.7',
  'cookie' => 'PHPSESSID=bkabr6d2evj1m3ehuh3mriq636',
)
[ info ] [ PARAM ] array (
)
[ info ] [ SESSION ] INIT array (
  'id' => '',
  'var_session_id' => '',
  'prefix' => 'think',
  'type' => '',
  'auto_start' => true,
)
[ info ] [ RUN ] app\index\controller\Index->public_sessionLife[ D:\MY-workspace\wzyer-list\output\web\application\index\controller\Index.php ]
[ info ] [ DB ] INIT mysql
[ info ] [ CACHE ] INIT File
[ info ] [ LOG ] INIT File
---------------------------------------------------------------
[ 2024-07-30T17:49:46+08:00 ] 127.0.0.1 POST www.wzyer-list.net/index/index/public_sessionlife.html
[运行时间：0.018298s] [吞吐率：54.65req/s] [内存消耗：2,782.52kb] [文件加载：53]
[ info ] [ LANG ] D:\MY-workspace\wzyer-list\output\web\thinkphp\lang\zh-cn.php
[ info ] [ ROUTE ] array (
  'type' => 'module',
  'module' => 
  array (
    0 => 'index',
    1 => 'index',
    2 => 'public_sessionlife',
  ),
)
[ info ] [ HEADER ] array (
  'host' => 'www.wzyer-list.net',
  'connection' => 'keep-alive',
  'content-length' => '0',
  'accept' => 'application/json, text/javascript, */*; q=0.01',
  'user-agent' => 'Mozilla/5.0 (Windows NT 10.0; Win64; x64) AppleWebKit/537.36 (KHTML, like Gecko) Chrome/127.0.0.0 Safari/537.36 Edg/127.0.0.0',
  'x-requested-with' => 'XMLHttpRequest',
  'origin' => 'http://www.wzyer-list.net',
  'referer' => 'http://www.wzyer-list.net/',
  'accept-encoding' => 'gzip, deflate',
  'accept-language' => 'en-US,en;q=0.9,zh-CN;q=0.8,zh;q=0.7',
  'cookie' => 'PHPSESSID=bkabr6d2evj1m3ehuh3mriq636',
)
[ info ] [ PARAM ] array (
)
[ info ] [ SESSION ] INIT array (
  'id' => '',
  'var_session_id' => '',
  'prefix' => 'think',
  'type' => '',
  'auto_start' => true,
)
[ info ] [ RUN ] app\index\controller\Index->public_sessionLife[ D:\MY-workspace\wzyer-list\output\web\application\index\controller\Index.php ]
[ info ] [ DB ] INIT mysql
[ info ] [ CACHE ] INIT File
[ info ] [ LOG ] INIT File
---------------------------------------------------------------
[ 2024-07-30T17:50:01+08:00 ] 127.0.0.1 POST www.wzyer-list.net/index/index/public_sessionlife.html
[运行时间：0.017614s] [吞吐率：56.77req/s] [内存消耗：2,782.52kb] [文件加载：53]
[ info ] [ LANG ] D:\MY-workspace\wzyer-list\output\web\thinkphp\lang\zh-cn.php
[ info ] [ ROUTE ] array (
  'type' => 'module',
  'module' => 
  array (
    0 => 'index',
    1 => 'index',
    2 => 'public_sessionlife',
  ),
)
[ info ] [ HEADER ] array (
  'host' => 'www.wzyer-list.net',
  'connection' => 'keep-alive',
  'content-length' => '0',
  'accept' => 'application/json, text/javascript, */*; q=0.01',
  'user-agent' => 'Mozilla/5.0 (Windows NT 10.0; Win64; x64) AppleWebKit/537.36 (KHTML, like Gecko) Chrome/127.0.0.0 Safari/537.36 Edg/127.0.0.0',
  'x-requested-with' => 'XMLHttpRequest',
  'origin' => 'http://www.wzyer-list.net',
  'referer' => 'http://www.wzyer-list.net/',
  'accept-encoding' => 'gzip, deflate',
  'accept-language' => 'en-US,en;q=0.9,zh-CN;q=0.8,zh;q=0.7',
  'cookie' => 'PHPSESSID=bkabr6d2evj1m3ehuh3mriq636',
)
[ info ] [ PARAM ] array (
)
[ info ] [ SESSION ] INIT array (
  'id' => '',
  'var_session_id' => '',
  'prefix' => 'think',
  'type' => '',
  'auto_start' => true,
)
[ info ] [ RUN ] app\index\controller\Index->public_sessionLife[ D:\MY-workspace\wzyer-list\output\web\application\index\controller\Index.php ]
[ info ] [ DB ] INIT mysql
[ info ] [ CACHE ] INIT File
[ info ] [ LOG ] INIT File
---------------------------------------------------------------
[ 2024-07-30T17:50:18+08:00 ] 127.0.0.1 POST www.wzyer-list.net/index/index/public_sessionlife.html
[运行时间：0.017912s] [吞吐率：55.83req/s] [内存消耗：2,782.52kb] [文件加载：53]
[ info ] [ LANG ] D:\MY-workspace\wzyer-list\output\web\thinkphp\lang\zh-cn.php
[ info ] [ ROUTE ] array (
  'type' => 'module',
  'module' => 
  array (
    0 => 'index',
    1 => 'index',
    2 => 'public_sessionlife',
  ),
)
[ info ] [ HEADER ] array (
  'host' => 'www.wzyer-list.net',
  'connection' => 'keep-alive',
  'content-length' => '0',
  'accept' => 'application/json, text/javascript, */*; q=0.01',
  'user-agent' => 'Mozilla/5.0 (Windows NT 10.0; Win64; x64) AppleWebKit/537.36 (KHTML, like Gecko) Chrome/127.0.0.0 Safari/537.36 Edg/127.0.0.0',
  'x-requested-with' => 'XMLHttpRequest',
  'origin' => 'http://www.wzyer-list.net',
  'referer' => 'http://www.wzyer-list.net/',
  'accept-encoding' => 'gzip, deflate',
  'accept-language' => 'en-US,en;q=0.9,zh-CN;q=0.8,zh;q=0.7',
  'cookie' => 'PHPSESSID=bkabr6d2evj1m3ehuh3mriq636',
)
[ info ] [ PARAM ] array (
)
[ info ] [ SESSION ] INIT array (
  'id' => '',
  'var_session_id' => '',
  'prefix' => 'think',
  'type' => '',
  'auto_start' => true,
)
[ info ] [ RUN ] app\index\controller\Index->public_sessionLife[ D:\MY-workspace\wzyer-list\output\web\application\index\controller\Index.php ]
[ info ] [ DB ] INIT mysql
[ info ] [ CACHE ] INIT File
[ info ] [ LOG ] INIT File
---------------------------------------------------------------
[ 2024-07-30T17:51:18+08:00 ] 127.0.0.1 POST www.wzyer-list.net/index/index/public_sessionlife.html
[运行时间：0.022327s] [吞吐率：44.79req/s] [内存消耗：2,782.52kb] [文件加载：53]
[ info ] [ LANG ] D:\MY-workspace\wzyer-list\output\web\thinkphp\lang\zh-cn.php
[ info ] [ ROUTE ] array (
  'type' => 'module',
  'module' => 
  array (
    0 => 'index',
    1 => 'index',
    2 => 'public_sessionlife',
  ),
)
[ info ] [ HEADER ] array (
  'host' => 'www.wzyer-list.net',
  'connection' => 'keep-alive',
  'content-length' => '0',
  'accept' => 'application/json, text/javascript, */*; q=0.01',
  'user-agent' => 'Mozilla/5.0 (Windows NT 10.0; Win64; x64) AppleWebKit/537.36 (KHTML, like Gecko) Chrome/127.0.0.0 Safari/537.36 Edg/127.0.0.0',
  'x-requested-with' => 'XMLHttpRequest',
  'origin' => 'http://www.wzyer-list.net',
  'referer' => 'http://www.wzyer-list.net/',
  'accept-encoding' => 'gzip, deflate',
  'accept-language' => 'en-US,en;q=0.9,zh-CN;q=0.8,zh;q=0.7',
  'cookie' => 'PHPSESSID=bkabr6d2evj1m3ehuh3mriq636',
)
[ info ] [ PARAM ] array (
)
[ info ] [ SESSION ] INIT array (
  'id' => '',
  'var_session_id' => '',
  'prefix' => 'think',
  'type' => '',
  'auto_start' => true,
)
[ info ] [ RUN ] app\index\controller\Index->public_sessionLife[ D:\MY-workspace\wzyer-list\output\web\application\index\controller\Index.php ]
[ info ] [ DB ] INIT mysql
[ info ] [ CACHE ] INIT File
[ info ] [ LOG ] INIT File
---------------------------------------------------------------
[ 2024-07-30T17:52:18+08:00 ] 127.0.0.1 POST www.wzyer-list.net/index/index/public_sessionlife.html
[运行时间：0.018332s] [吞吐率：54.55req/s] [内存消耗：2,782.52kb] [文件加载：53]
[ info ] [ LANG ] D:\MY-workspace\wzyer-list\output\web\thinkphp\lang\zh-cn.php
[ info ] [ ROUTE ] array (
  'type' => 'module',
  'module' => 
  array (
    0 => 'index',
    1 => 'index',
    2 => 'public_sessionlife',
  ),
)
[ info ] [ HEADER ] array (
  'host' => 'www.wzyer-list.net',
  'connection' => 'keep-alive',
  'content-length' => '0',
  'accept' => 'application/json, text/javascript, */*; q=0.01',
  'user-agent' => 'Mozilla/5.0 (Windows NT 10.0; Win64; x64) AppleWebKit/537.36 (KHTML, like Gecko) Chrome/127.0.0.0 Safari/537.36 Edg/127.0.0.0',
  'x-requested-with' => 'XMLHttpRequest',
  'origin' => 'http://www.wzyer-list.net',
  'referer' => 'http://www.wzyer-list.net/',
  'accept-encoding' => 'gzip, deflate',
  'accept-language' => 'en-US,en;q=0.9,zh-CN;q=0.8,zh;q=0.7',
  'cookie' => 'PHPSESSID=bkabr6d2evj1m3ehuh3mriq636',
)
[ info ] [ PARAM ] array (
)
[ info ] [ SESSION ] INIT array (
  'id' => '',
  'var_session_id' => '',
  'prefix' => 'think',
  'type' => '',
  'auto_start' => true,
)
[ info ] [ RUN ] app\index\controller\Index->public_sessionLife[ D:\MY-workspace\wzyer-list\output\web\application\index\controller\Index.php ]
[ info ] [ DB ] INIT mysql
[ info ] [ CACHE ] INIT File
[ info ] [ LOG ] INIT File
---------------------------------------------------------------
[ 2024-07-30T17:53:18+08:00 ] 127.0.0.1 POST www.wzyer-list.net/index/index/public_sessionlife.html
[运行时间：0.018542s] [吞吐率：53.93req/s] [内存消耗：2,782.52kb] [文件加载：53]
[ info ] [ LANG ] D:\MY-workspace\wzyer-list\output\web\thinkphp\lang\zh-cn.php
[ info ] [ ROUTE ] array (
  'type' => 'module',
  'module' => 
  array (
    0 => 'index',
    1 => 'index',
    2 => 'public_sessionlife',
  ),
)
[ info ] [ HEADER ] array (
  'host' => 'www.wzyer-list.net',
  'connection' => 'keep-alive',
  'content-length' => '0',
  'accept' => 'application/json, text/javascript, */*; q=0.01',
  'user-agent' => 'Mozilla/5.0 (Windows NT 10.0; Win64; x64) AppleWebKit/537.36 (KHTML, like Gecko) Chrome/127.0.0.0 Safari/537.36 Edg/127.0.0.0',
  'x-requested-with' => 'XMLHttpRequest',
  'origin' => 'http://www.wzyer-list.net',
  'referer' => 'http://www.wzyer-list.net/',
  'accept-encoding' => 'gzip, deflate',
  'accept-language' => 'en-US,en;q=0.9,zh-CN;q=0.8,zh;q=0.7',
  'cookie' => 'PHPSESSID=bkabr6d2evj1m3ehuh3mriq636',
)
[ info ] [ PARAM ] array (
)
[ info ] [ SESSION ] INIT array (
  'id' => '',
  'var_session_id' => '',
  'prefix' => 'think',
  'type' => '',
  'auto_start' => true,
)
[ info ] [ RUN ] app\index\controller\Index->public_sessionLife[ D:\MY-workspace\wzyer-list\output\web\application\index\controller\Index.php ]
[ info ] [ DB ] INIT mysql
[ info ] [ CACHE ] INIT File
[ info ] [ LOG ] INIT File
---------------------------------------------------------------
[ 2024-07-30T17:54:18+08:00 ] 127.0.0.1 POST www.wzyer-list.net/index/index/public_sessionlife.html
[运行时间：0.022486s] [吞吐率：44.47req/s] [内存消耗：2,782.52kb] [文件加载：53]
[ info ] [ LANG ] D:\MY-workspace\wzyer-list\output\web\thinkphp\lang\zh-cn.php
[ info ] [ ROUTE ] array (
  'type' => 'module',
  'module' => 
  array (
    0 => 'index',
    1 => 'index',
    2 => 'public_sessionlife',
  ),
)
[ info ] [ HEADER ] array (
  'host' => 'www.wzyer-list.net',
  'connection' => 'keep-alive',
  'content-length' => '0',
  'accept' => 'application/json, text/javascript, */*; q=0.01',
  'user-agent' => 'Mozilla/5.0 (Windows NT 10.0; Win64; x64) AppleWebKit/537.36 (KHTML, like Gecko) Chrome/127.0.0.0 Safari/537.36 Edg/127.0.0.0',
  'x-requested-with' => 'XMLHttpRequest',
  'origin' => 'http://www.wzyer-list.net',
  'referer' => 'http://www.wzyer-list.net/',
  'accept-encoding' => 'gzip, deflate',
  'accept-language' => 'en-US,en;q=0.9,zh-CN;q=0.8,zh;q=0.7',
  'cookie' => 'PHPSESSID=bkabr6d2evj1m3ehuh3mriq636',
)
[ info ] [ PARAM ] array (
)
[ info ] [ SESSION ] INIT array (
  'id' => '',
  'var_session_id' => '',
  'prefix' => 'think',
  'type' => '',
  'auto_start' => true,
)
[ info ] [ RUN ] app\index\controller\Index->public_sessionLife[ D:\MY-workspace\wzyer-list\output\web\application\index\controller\Index.php ]
[ info ] [ DB ] INIT mysql
[ info ] [ CACHE ] INIT File
[ info ] [ LOG ] INIT File
---------------------------------------------------------------
[ 2024-07-30T17:55:18+08:00 ] 127.0.0.1 POST www.wzyer-list.net/index/index/public_sessionlife.html
[运行时间：0.018696s] [吞吐率：53.49req/s] [内存消耗：2,782.52kb] [文件加载：53]
[ info ] [ LANG ] D:\MY-workspace\wzyer-list\output\web\thinkphp\lang\zh-cn.php
[ info ] [ ROUTE ] array (
  'type' => 'module',
  'module' => 
  array (
    0 => 'index',
    1 => 'index',
    2 => 'public_sessionlife',
  ),
)
[ info ] [ HEADER ] array (
  'host' => 'www.wzyer-list.net',
  'connection' => 'keep-alive',
  'content-length' => '0',
  'accept' => 'application/json, text/javascript, */*; q=0.01',
  'user-agent' => 'Mozilla/5.0 (Windows NT 10.0; Win64; x64) AppleWebKit/537.36 (KHTML, like Gecko) Chrome/127.0.0.0 Safari/537.36 Edg/127.0.0.0',
  'x-requested-with' => 'XMLHttpRequest',
  'origin' => 'http://www.wzyer-list.net',
  'referer' => 'http://www.wzyer-list.net/',
  'accept-encoding' => 'gzip, deflate',
  'accept-language' => 'en-US,en;q=0.9,zh-CN;q=0.8,zh;q=0.7',
  'cookie' => 'PHPSESSID=bkabr6d2evj1m3ehuh3mriq636',
)
[ info ] [ PARAM ] array (
)
[ info ] [ SESSION ] INIT array (
  'id' => '',
  'var_session_id' => '',
  'prefix' => 'think',
  'type' => '',
  'auto_start' => true,
)
[ info ] [ RUN ] app\index\controller\Index->public_sessionLife[ D:\MY-workspace\wzyer-list\output\web\application\index\controller\Index.php ]
[ info ] [ DB ] INIT mysql
[ info ] [ CACHE ] INIT File
[ info ] [ LOG ] INIT File
---------------------------------------------------------------
[ 2024-07-30T17:56:18+08:00 ] 127.0.0.1 POST www.wzyer-list.net/index/index/public_sessionlife.html
[运行时间：0.019559s] [吞吐率：51.13req/s] [内存消耗：2,782.52kb] [文件加载：53]
[ info ] [ LANG ] D:\MY-workspace\wzyer-list\output\web\thinkphp\lang\zh-cn.php
[ info ] [ ROUTE ] array (
  'type' => 'module',
  'module' => 
  array (
    0 => 'index',
    1 => 'index',
    2 => 'public_sessionlife',
  ),
)
[ info ] [ HEADER ] array (
  'host' => 'www.wzyer-list.net',
  'connection' => 'keep-alive',
  'content-length' => '0',
  'accept' => 'application/json, text/javascript, */*; q=0.01',
  'user-agent' => 'Mozilla/5.0 (Windows NT 10.0; Win64; x64) AppleWebKit/537.36 (KHTML, like Gecko) Chrome/127.0.0.0 Safari/537.36 Edg/127.0.0.0',
  'x-requested-with' => 'XMLHttpRequest',
  'origin' => 'http://www.wzyer-list.net',
  'referer' => 'http://www.wzyer-list.net/',
  'accept-encoding' => 'gzip, deflate',
  'accept-language' => 'en-US,en;q=0.9,zh-CN;q=0.8,zh;q=0.7',
  'cookie' => 'PHPSESSID=bkabr6d2evj1m3ehuh3mriq636',
)
[ info ] [ PARAM ] array (
)
[ info ] [ SESSION ] INIT array (
  'id' => '',
  'var_session_id' => '',
  'prefix' => 'think',
  'type' => '',
  'auto_start' => true,
)
[ info ] [ RUN ] app\index\controller\Index->public_sessionLife[ D:\MY-workspace\wzyer-list\output\web\application\index\controller\Index.php ]
[ info ] [ DB ] INIT mysql
[ info ] [ CACHE ] INIT File
[ info ] [ LOG ] INIT File
